###############################################################################
#
# IAR ANSI C/C++ Compiler V7.40.2.8542/W32 for ARM        09/Oct/2018  16:32:31
# Copyright 1999-2015 IAR Systems AB.
#
#    Cpu mode     =  thumb
#    Endian       =  little
#    Source file  =  D:\WORK\Firmware_LastRelease\_7.0.95\MainMCU\download.c
#    Command line =  
#        D:\WORK\Firmware_LastRelease\_7.0.95\MainMCU\download.c -D IAR_ARM_CM4
#        -D USE_STDPERIPH_DRIVER -D STM32F40_41xxx -D HAVE_CONFIG_H -D
#        SD_SPI_MODE -D USE_FULL_ASSERT -D DEVICE_2 -D TFT -D STENDBUY_NOT_USE
#        -D SCREEN_NOT_ROTATE -D USE_ADS1292R -D DISPLAY_GPIO -D
#        BUFFERED_TRANSFER -D LCD_TRACE -lCN
#        D:\WORK\Firmware_LastRelease\_7.0.95\MainMCU\KP02_DEVICE_2\List\ -o
#        D:\WORK\Firmware_LastRelease\_7.0.95\MainMCU\KP02_DEVICE_2\Obj\
#        --no_unroll --no_inline --no_tbaa --no_scheduling --debug
#        --endian=little --cpu=Cortex-M4F -e --fpu=VFPv4_sp --dlib_config
#        "D:\Program Files (x86)\IAR Systems\Embedded Workbench
#        7.2\arm\INC\c\DLib_Config_Normal.h" -I
#        D:\WORK\Firmware_LastRelease\_7.0.95\MainMCU\ -I
#        D:\WORK\Firmware_LastRelease\_7.0.95\MainMCU\FatFs\ -I
#        D:\WORK\Firmware_LastRelease\_7.0.95\MainMCU\FreeRTOS\Source\include\
#        -I
#        D:\WORK\Firmware_LastRelease\_7.0.95\MainMCU\FreeRTOS\Source\portable\IAR\ARM_CM3\
#        -I
#        D:\WORK\Firmware_LastRelease\_7.0.95\MainMCU\Libraries\CMSIS\CM4\CoreSupport\
#        -I
#        D:\WORK\Firmware_LastRelease\_7.0.95\MainMCU\Libraries\CMSIS\CM4\DeviceSupport\STM32F4xx\
#        -I
#        D:\WORK\Firmware_LastRelease\_7.0.95\MainMCU\Libraries\STM32F4xx_StdPeriph_Driver\inc\
#        -I
#        D:\WORK\Firmware_LastRelease\_7.0.95\MainMCU\Libraries\STM32F10x_Speex_Lib\include\speex\
#        -I
#        D:\WORK\Firmware_LastRelease\_7.0.95\MainMCU\Libraries\STM32F10x_Speex_Lib\include\
#        -I
#        D:\WORK\Firmware_LastRelease\_7.0.95\MainMCU\Libraries\STM32F10x_Speex_Lib\libspeex\
#        -I
#        D:\WORK\Firmware_LastRelease\_7.0.95\MainMCU\Libraries\STM32F10x_Speex_Lib\STM32\include\speex\
#        -I
#        D:\WORK\Firmware_LastRelease\_7.0.95\MainMCU\Libraries\STM32F10x_Speex_Lib\STM32\include\
#        -I
#        D:\WORK\Firmware_LastRelease\_7.0.95\MainMCU\Libraries\STM32F10x_Speex_Lib\STM32\
#        -I
#        D:\WORK\Firmware_LastRelease\_7.0.95\MainMCU\Libraries\STM32F10x_Speex_Lib\STM32\libspeex\
#        -I
#        D:\WORK\Firmware_LastRelease\_7.0.95\MainMCU\Libraries\STM32F10x_Speex_Lib\STM32\libspeex\iar\
#        -I D:\WORK\Firmware_LastRelease\_7.0.95\MainMCU\Fonts\ -Om --ec++
#    List file    =  
#        D:\WORK\Firmware_LastRelease\_7.0.95\MainMCU\KP02_DEVICE_2\List\download.lst
#    Object file  =  
#        D:\WORK\Firmware_LastRelease\_7.0.95\MainMCU\KP02_DEVICE_2\Obj\download.o
#
###############################################################################

D:\WORK\Firmware_LastRelease\_7.0.95\MainMCU\download.c
      1          /**
      2            ******************************************************************************
      3            * @file    IAP/src/download.c 
      4            * @author  MCD Application Team
      5            * @version V3.2.0
      6            * @date    04/23/2010
      7            * @brief   This file provides the software which allows to download an image 
      8            *          to internal Flash.
      9            ******************************************************************************
     10            * @copy
     11            *
     12            * THE PRESENT FIRMWARE WHICH IS FOR GUIDANCE ONLY AIMS AT PROVIDING CUSTOMERS
     13            * WITH CODING INFORMATION REGARDING THEIR PRODUCTS IN ORDER FOR THEM TO SAVE
     14            * TIME. AS A RESULT, STMICROELECTRONICS SHALL NOT BE HELD LIABLE FOR ANY
     15            * DIRECT, INDIRECT OR CONSEQUENTIAL DAMAGES WITH RESPECT TO ANY CLAIMS ARISING
     16            * FROM THE CONTENT OF SUCH FIRMWARE AND/OR THE USE MADE BY CUSTOMERS OF THE
     17            * CODING INFORMATION CONTAINED HEREIN IN CONNECTION WITH THEIR PRODUCTS.
     18            *
     19            * <h2><center>&copy; COPYRIGHT 2010 STMicroelectronics</center></h2>
     20            */ 
     21          
     22          /** @addtogroup IAP
     23            * @{
     24            */
     25          /* Includes ------------------------------------------------------------------*/
     26          #include "common.h"
     27          
     28          /* Private typedef -----------------------------------------------------------*/
     29          /* Private define ------------------------------------------------------------*/
     30          /* Private macro -------------------------------------------------------------*/
     31          /* Private variables ---------------------------------------------------------*/
     32          extern uint8_t FileName[FILE_NAME_LENGTH];

   \                                 In section .bss, align 4
     33          uint8_t tab_1024[1024];
   \                     tab_1024:
   \   00000000                      DS8 1024
     34          
     35          /* Private function prototypes -----------------------------------------------*/
     36          /* Private functions ---------------------------------------------------------*/
     37          
     38          /**
     39            * @brief  Download a file via serial port
     40            * @param  None
     41            * @retval None
     42            */

   \                                 In section .text, align 2, keep-with-next
     43          void SerialDownload(void)
     44          {
   \                     SerialDownload: (+1)
   \   00000000   0xB510             PUSH     {R4,LR}
   \   00000002   0xB084             SUB      SP,SP,#+16
     45            uint8_t Number[10];// = "          ";
     46            for(int gh = 0;gh < 10;gh++) Number[gh] = ' '; 
   \   00000004   0x2000             MOVS     R0,#+0
   \   00000006   0x2120             MOVS     R1,#+32
   \   00000008   0xAA00             ADD      R2,SP,#+0
   \   0000000A   0xE001             B.N      ??SerialDownload_0
   \                     ??SerialDownload_1: (+1)
   \   0000000C   0x5481             STRB     R1,[R0, R2]
   \   0000000E   0x1C40             ADDS     R0,R0,#+1
   \                     ??SerialDownload_0: (+1)
   \   00000010   0x280A             CMP      R0,#+10
   \   00000012   0xDBFB             BLT.N    ??SerialDownload_1
     47            int32_t Size = 0;
     48          
     49            SerialPutString("Waiting for the file to be sent ... (press 'a' to abort)\n\r");
   \   00000014   0x.... 0x....      ADR.W    R0,?_0
   \   00000018   0x.... 0x....      BL       Serial_PutString
     50            Size = Ymodem_Receive(&tab_1024[0]);
   \   0000001C   0x....             LDR.N    R0,??DataTable9
   \   0000001E   0x.... 0x....      BL       Ymodem_Receive
   \   00000022   0x4604             MOV      R4,R0
     51            if (Size > 0)
   \   00000024   0x2C01             CMP      R4,#+1
   \   00000026   0xDB1A             BLT.N    ??SerialDownload_2
     52            {
     53              SerialPutString("\n\n\r Programming Completed Successfully!\n\r--------------------------------\r\n Name: ");
   \   00000028   0x.... 0x....      ADR.W    R0,?_1
   \   0000002C   0x.... 0x....      BL       Serial_PutString
     54              SerialPutString(FileName);
   \   00000030   0x....             LDR.N    R0,??DataTable9_1
   \   00000032   0x.... 0x....      BL       Serial_PutString
     55              Int2Str(Number, Size);
   \   00000036   0x4621             MOV      R1,R4
   \   00000038   0xA800             ADD      R0,SP,#+0
   \   0000003A   0x.... 0x....      BL       Int2Str
     56              SerialPutString("\n\r Size: ");
   \   0000003E   0x.... 0x....      ADR.W    R0,?_2
   \   00000042   0x.... 0x....      BL       Serial_PutString
     57              SerialPutString(Number);
   \   00000046   0xA800             ADD      R0,SP,#+0
   \   00000048   0x.... 0x....      BL       Serial_PutString
     58              SerialPutString(" Bytes\r\n");
   \   0000004C   0x.... 0x....      ADR.W    R0,?_3
   \   00000050   0x.... 0x....      BL       Serial_PutString
     59              SerialPutString("-------------------\n");
   \   00000054   0x.... 0x....      ADR.W    R0,?_4
   \   00000058   0x.... 0x....      BL       Serial_PutString
   \   0000005C   0xBD1F             POP      {R0-R4,PC}
     60            }
     61            else if (Size == -1)
   \                     ??SerialDownload_2: (+1)
   \   0000005E   0xF114 0x0F01      CMN      R4,#+1
   \   00000062   0xD104             BNE.N    ??SerialDownload_3
     62            {
     63              SerialPutString("\n\n\rThe image size is higher than the allowed space memory!\n\r");
   \   00000064   0x.... 0x....      ADR.W    R0,?_5
   \   00000068   0x.... 0x....      BL       Serial_PutString
   \   0000006C   0xBD1F             POP      {R0-R4,PC}
     64            }
     65            else if (Size == -2)
   \                     ??SerialDownload_3: (+1)
   \   0000006E   0xF114 0x0F02      CMN      R4,#+2
   \   00000072   0xD104             BNE.N    ??SerialDownload_4
     66            {
     67              SerialPutString("\n\n\rVerification failed!\n\r");
   \   00000074   0x.... 0x....      ADR.W    R0,?_6
   \   00000078   0x.... 0x....      BL       Serial_PutString
   \   0000007C   0xBD1F             POP      {R0-R4,PC}
     68            }
     69            else if (Size == -3)
   \                     ??SerialDownload_4: (+1)
   \   0000007E   0xF114 0x0F03      CMN      R4,#+3
   \   00000082   0xD104             BNE.N    ??SerialDownload_5
     70            {
     71              SerialPutString("\r\n\nAborted by user.\n\r");
   \   00000084   0x.... 0x....      ADR.W    R0,?_7
   \   00000088   0x.... 0x....      BL       Serial_PutString
   \   0000008C   0xBD1F             POP      {R0-R4,PC}
     72            }
     73            else
     74            {
     75              SerialPutString("\n\rFailed to receive the file!\n\r");
   \                     ??SerialDownload_5: (+1)
   \   0000008E   0x.... 0x....      ADR.W    R0,?_8
   \   00000092   0x.... 0x....      BL       Serial_PutString
     76            }
     77          }
   \   00000096   0xBD1F             POP      {R0-R4,PC}       ;; return

   \                                 In section .text, align 4, keep-with-next
   \                     ??DataTable9:
   \   00000000   0x........         DC32     tab_1024

   \                                 In section .text, align 4, keep-with-next
   \                     ??DataTable9_1:
   \   00000000   0x........         DC32     FileName

   \                                 In section .text, align 4, keep-with-next
   \                     ?_0:
   \   00000000   0x57 0x61          DC8 57H, 61H, 69H, 74H, 69H, 6EH, 67H, 20H
   \              0x69 0x74    
   \              0x69 0x6E    
   \              0x67 0x20    
   \   00000008   0x66 0x6F          DC8 66H, 6FH, 72H, 20H, 74H, 68H, 65H, 20H
   \              0x72 0x20    
   \              0x74 0x68    
   \              0x65 0x20    
   \   00000010   0x66 0x69          DC8 66H, 69H, 6CH, 65H, 20H, 74H, 6FH, 20H
   \              0x6C 0x65    
   \              0x20 0x74    
   \              0x6F 0x20    
   \   00000018   0x62 0x65          DC8 62H, 65H, 20H, 73H, 65H, 6EH, 74H, 20H
   \              0x20 0x73    
   \              0x65 0x6E    
   \              0x74 0x20    
   \   00000020   0x2E 0x2E          DC8 2EH, 2EH, 2EH, 20H, 28H, 70H, 72H, 65H
   \              0x2E 0x20    
   \              0x28 0x70    
   \              0x72 0x65    
   \   00000028   0x73 0x73          DC8 73H, 73H, 20H, 27H, 61H, 27H, 20H, 74H
   \              0x20 0x27    
   \              0x61 0x27    
   \              0x20 0x74    
   \   00000030   0x6F 0x20          DC8 6FH, 20H, 61H, 62H, 6FH, 72H, 74H, 29H
   \              0x61 0x62    
   \              0x6F 0x72    
   \              0x74 0x29    
   \   00000038   0x0A 0x0D          DC8 0AH, 0DH, 0
   \              0x00         
   \   0000003B   0x00               DC8 0

   \                                 In section .text, align 4, keep-with-next
   \                     ?_1:
   \   00000000   0x0A 0x0A          DC8 0AH, 0AH, 0DH, 20H, 50H, 72H, 6FH, 67H
   \              0x0D 0x20    
   \              0x50 0x72    
   \              0x6F 0x67    
   \   00000008   0x72 0x61          DC8 72H, 61H, 6DH, 6DH, 69H, 6EH, 67H, 20H
   \              0x6D 0x6D    
   \              0x69 0x6E    
   \              0x67 0x20    
   \   00000010   0x43 0x6F          DC8 43H, 6FH, 6DH, 70H, 6CH, 65H, 74H, 65H
   \              0x6D 0x70    
   \              0x6C 0x65    
   \              0x74 0x65    
   \   00000018   0x64 0x20          DC8 64H, 20H, 53H, 75H, 63H, 63H, 65H, 73H
   \              0x53 0x75    
   \              0x63 0x63    
   \              0x65 0x73    
   \   00000020   0x73 0x66          DC8 73H, 66H, 75H, 6CH, 6CH, 79H, 21H, 0AH
   \              0x75 0x6C    
   \              0x6C 0x79    
   \              0x21 0x0A    
   \   00000028   0x0D 0x2D          DC8 0DH, 2DH, 2DH, 2DH, 2DH, 2DH, 2DH, 2DH
   \              0x2D 0x2D    
   \              0x2D 0x2D    
   \              0x2D 0x2D    
   \   00000030   0x2D 0x2D          DC8 2DH, 2DH, 2DH, 2DH, 2DH, 2DH, 2DH, 2DH
   \              0x2D 0x2D    
   \              0x2D 0x2D    
   \              0x2D 0x2D    
   \   00000038   0x2D 0x2D          DC8 2DH, 2DH, 2DH, 2DH, 2DH, 2DH, 2DH, 2DH
   \              0x2D 0x2D    
   \              0x2D 0x2D    
   \              0x2D 0x2D    
   \   00000040   0x2D 0x2D          DC8 2DH, 2DH, 2DH, 2DH, 2DH, 2DH, 2DH, 2DH
   \              0x2D 0x2D    
   \              0x2D 0x2D    
   \              0x2D 0x2D    
   \   00000048   0x2D 0x0D          DC8 2DH, 0DH, 0AH, 20H, 4EH, 61H, 6DH, 65H
   \              0x0A 0x20    
   \              0x4E 0x61    
   \              0x6D 0x65    
   \   00000050   0x3A 0x20          DC8 3AH, 20H, 0
   \              0x00         
   \   00000053   0x00               DC8 0

   \                                 In section .text, align 4, keep-with-next
   \                     ?_2:
   \   00000000   0x0A 0x0D          DC8 "\012\015 Size: "
   \              0x20 0x53    
   \              0x69 0x7A    
   \              0x65 0x3A    
   \              0x20 0x00    
   \   0000000A   0x00 0x00          DC8 0, 0

   \                                 In section .text, align 4, keep-with-next
   \                     ?_3:
   \   00000000   0x20 0x42          DC8 " Bytes\015\012"
   \              0x79 0x74    
   \              0x65 0x73    
   \              0x0D 0x0A    
   \              0x00         
   \   00000009   0x00 0x00          DC8 0, 0, 0
   \              0x00         

   \                                 In section .text, align 4, keep-with-next
   \                     ?_4:
   \   00000000   0x2D 0x2D          DC8 "-------------------\012"
   \              0x2D 0x2D    
   \              0x2D 0x2D    
   \              0x2D 0x2D    
   \              0x2D 0x2D    
   \              0x2D 0x2D    
   \              0x2D 0x2D    
   \              0x2D 0x2D    
   \              0x2D 0x2D    
   \              0x2D 0x0A    
   \              0x00         
   \   00000015   0x00 0x00          DC8 0, 0, 0
   \              0x00         

   \                                 In section .text, align 4, keep-with-next
   \                     ?_5:
   \   00000000   0x0A 0x0A          DC8 0AH, 0AH, 0DH, 54H, 68H, 65H, 20H, 69H
   \              0x0D 0x54    
   \              0x68 0x65    
   \              0x20 0x69    
   \   00000008   0x6D 0x61          DC8 6DH, 61H, 67H, 65H, 20H, 73H, 69H, 7AH
   \              0x67 0x65    
   \              0x20 0x73    
   \              0x69 0x7A    
   \   00000010   0x65 0x20          DC8 65H, 20H, 69H, 73H, 20H, 68H, 69H, 67H
   \              0x69 0x73    
   \              0x20 0x68    
   \              0x69 0x67    
   \   00000018   0x68 0x65          DC8 68H, 65H, 72H, 20H, 74H, 68H, 61H, 6EH
   \              0x72 0x20    
   \              0x74 0x68    
   \              0x61 0x6E    
   \   00000020   0x20 0x74          DC8 20H, 74H, 68H, 65H, 20H, 61H, 6CH, 6CH
   \              0x68 0x65    
   \              0x20 0x61    
   \              0x6C 0x6C    
   \   00000028   0x6F 0x77          DC8 6FH, 77H, 65H, 64H, 20H, 73H, 70H, 61H
   \              0x65 0x64    
   \              0x20 0x73    
   \              0x70 0x61    
   \   00000030   0x63 0x65          DC8 63H, 65H, 20H, 6DH, 65H, 6DH, 6FH, 72H
   \              0x20 0x6D    
   \              0x65 0x6D    
   \              0x6F 0x72    
   \   00000038   0x79 0x21          DC8 79H, 21H, 0AH, 0DH, 0
   \              0x0A 0x0D    
   \              0x00         
   \   0000003D   0x00 0x00          DC8 0, 0, 0
   \              0x00         

   \                                 In section .text, align 4, keep-with-next
   \                     ?_6:
   \   00000000   0x0A 0x0A          DC8 "\012\012\015Verification failed!\012\015"
   \              0x0D 0x56    
   \              0x65 0x72    
   \              0x69 0x66    
   \              0x69 0x63    
   \              0x61 0x74    
   \              0x69 0x6F    
   \              0x6E 0x20    
   \              0x66 0x61    
   \              0x69 0x6C    
   \              0x65 0x64    
   \              0x21 0x0A    
   \              0x0D 0x00    
   \   0000001A   0x00 0x00          DC8 0, 0

   \                                 In section .text, align 4, keep-with-next
   \                     ?_7:
   \   00000000   0x0D 0x0A          DC8 "\015\012\012Aborted by user.\012\015"
   \              0x0A 0x41    
   \              0x62 0x6F    
   \              0x72 0x74    
   \              0x65 0x64    
   \              0x20 0x62    
   \              0x79 0x20    
   \              0x75 0x73    
   \              0x65 0x72    
   \              0x2E 0x0A    
   \              0x0D 0x00    
   \   00000016   0x00 0x00          DC8 0, 0

   \                                 In section .text, align 4, keep-with-next
   \                     ?_8:
   \   00000000   0x0A 0x0D          DC8 "\012\015Failed to receive the file!\012\015"
   \              0x46 0x61    
   \              0x69 0x6C    
   \              0x65 0x64    
   \              0x20 0x74    
   \              0x6F 0x20    
   \              0x72 0x65    
   \              0x63 0x65    
   \              0x69 0x76    
   \              0x65 0x20    
   \              0x74 0x68    
   \              0x65 0x20    
   \              0x66 0x69    
   \              0x6C 0x65    
   \              0x21 0x0A    
   \              0x0D 0x00    
     78          
     79          /**
     80            * @}
     81            */
     82          
     83          /*******************(C)COPYRIGHT 2010 STMicroelectronics *****END OF FILE******/

   Maximum stack usage in bytes:

   .cstack Function
   ------- --------
      24   SerialDownload
        24   -> Int2Str
        24   -> Serial_PutString
        24   -> Ymodem_Receive


   Section sizes:

   Bytes  Function/Label
   -----  --------------
       4  ??DataTable9
       4  ??DataTable9_1
      60  ?_0
      84  ?_1
      12  ?_2
      12  ?_3
      24  ?_4
      64  ?_5
      28  ?_6
      24  ?_7
      32  ?_8
     152  SerialDownload
    1024  tab_1024

 
 1 024 bytes in section .bss
   500 bytes in section .text
 
   500 bytes of CODE memory
 1 024 bytes of DATA memory

Errors: none
Warnings: none
