###############################################################################
#
# IAR ANSI C/C++ Compiler V7.40.2.8542/W32 for ARM        08/Oct/2018  09:58:05
# Copyright 1999-2015 IAR Systems AB.
#
#    Cpu mode     =  thumb
#    Endian       =  little
#    Source file  =  D:\WORK\Firmware_LastRelease\_7.0.95\MainMCU\TDevice.cpp
#    Command line =  
#        D:\WORK\Firmware_LastRelease\_7.0.95\MainMCU\TDevice.cpp -D
#        IAR_ARM_CM4 -D USE_STDPERIPH_DRIVER -D STM32F40_41xxx -D HAVE_CONFIG_H
#        -D SD_SPI_MODE -D USE_FULL_ASSERT -D DEVICE_2 -D TFT -D
#        STENDBUY_NOT_USE -D SCREEN_NOT_ROTATE -D USE_ADS1292R -D DISPLAY_GPIO
#        -D BUFFERED_TRANSFER -D LCD_TRACE -lCN
#        D:\WORK\Firmware_LastRelease\_7.0.95\MainMCU\KP02_DEVICE_2\List\ -o
#        D:\WORK\Firmware_LastRelease\_7.0.95\MainMCU\KP02_DEVICE_2\Obj\
#        --no_unroll --no_inline --no_tbaa --no_scheduling --debug
#        --endian=little --cpu=Cortex-M4F -e --fpu=VFPv4_sp --dlib_config
#        "D:\Program Files (x86)\IAR Systems\Embedded Workbench
#        7.2\arm\INC\c\DLib_Config_Normal.h" -I
#        D:\WORK\Firmware_LastRelease\_7.0.95\MainMCU\ -I
#        D:\WORK\Firmware_LastRelease\_7.0.95\MainMCU\FatFs\ -I
#        D:\WORK\Firmware_LastRelease\_7.0.95\MainMCU\FreeRTOS\Source\include\
#        -I
#        D:\WORK\Firmware_LastRelease\_7.0.95\MainMCU\FreeRTOS\Source\portable\IAR\ARM_CM3\
#        -I
#        D:\WORK\Firmware_LastRelease\_7.0.95\MainMCU\Libraries\CMSIS\CM4\CoreSupport\
#        -I
#        D:\WORK\Firmware_LastRelease\_7.0.95\MainMCU\Libraries\CMSIS\CM4\DeviceSupport\STM32F4xx\
#        -I
#        D:\WORK\Firmware_LastRelease\_7.0.95\MainMCU\Libraries\STM32F4xx_StdPeriph_Driver\inc\
#        -I
#        D:\WORK\Firmware_LastRelease\_7.0.95\MainMCU\Libraries\STM32F10x_Speex_Lib\include\speex\
#        -I
#        D:\WORK\Firmware_LastRelease\_7.0.95\MainMCU\Libraries\STM32F10x_Speex_Lib\include\
#        -I
#        D:\WORK\Firmware_LastRelease\_7.0.95\MainMCU\Libraries\STM32F10x_Speex_Lib\libspeex\
#        -I
#        D:\WORK\Firmware_LastRelease\_7.0.95\MainMCU\Libraries\STM32F10x_Speex_Lib\STM32\include\speex\
#        -I
#        D:\WORK\Firmware_LastRelease\_7.0.95\MainMCU\Libraries\STM32F10x_Speex_Lib\STM32\include\
#        -I
#        D:\WORK\Firmware_LastRelease\_7.0.95\MainMCU\Libraries\STM32F10x_Speex_Lib\STM32\
#        -I
#        D:\WORK\Firmware_LastRelease\_7.0.95\MainMCU\Libraries\STM32F10x_Speex_Lib\STM32\libspeex\
#        -I
#        D:\WORK\Firmware_LastRelease\_7.0.95\MainMCU\Libraries\STM32F10x_Speex_Lib\STM32\libspeex\iar\
#        -I D:\WORK\Firmware_LastRelease\_7.0.95\MainMCU\Fonts\ -Om --ec++
#    List file    =  
#        D:\WORK\Firmware_LastRelease\_7.0.95\MainMCU\KP02_DEVICE_2\List\TDevice.lst
#    Object file  =  
#        D:\WORK\Firmware_LastRelease\_7.0.95\MainMCU\KP02_DEVICE_2\Obj\TDevice.o
#
###############################################################################

D:\WORK\Firmware_LastRelease\_7.0.95\MainMCU\TDevice.cpp
      1          /************************************************************************************/
      2          /* Title:		Device units control 												*/
      3          /* Author:		Cyber Genius														*/
      4          /* Version:																			*/
      5          /* Date:																			*/
      6          /************************************************************************************/
      7          /*																					*/
      8          /************************************************************************************/
      9          #include "TDevice.h"

   \                                 In section .text, align 2, keep-with-next
   \   static __interwork __softfp void NVIC_SystemReset()
   \                     _Z16NVIC_SystemResetv: (+1)
   \   00000000   0xF3BF 0x8F4F      DSB      
   \   00000004   0x....             LDR.N    R0,??DataTable16  ;; 0xe000ed0c
   \   00000006   0x6801             LDR      R1,[R0, #+0]
   \   00000008   0xF401 0x61E0      AND      R1,R1,#0x700
   \   0000000C   0x....             LDR.N    R2,??DataTable16_1  ;; 0x5fa0004
   \   0000000E   0x4311             ORRS     R1,R2,R1
   \   00000010   0x6001             STR      R1,[R0, #+0]
   \   00000012   0xF3BF 0x8F4F      DSB      
   \                     ??NVIC_SystemReset_0: (+1)
   \   00000016   0xE7FE             B.N      ??NVIC_SystemReset_0

   \                                 In section .text, align 2
   \   __interwork __softfp void __delay_cycles(int)
   \                     _Z14__delay_cyclesi: (+1)
   \   00000000   0xB401             PUSH     {R0}
   \   00000002   0x2000             MOVS     R0,#+0
   \   00000004   0xE001             B.N      ??__delay_cycles_0
   \                     ??__delay_cycles_1: (+1)
   \   00000006   0xBF00             Nop      
   \   00000008   0x1C40             ADDS     R0,R0,#+1
   \                     ??__delay_cycles_0: (+1)
   \   0000000A   0x9900             LDR      R1,[SP, #+0]
   \   0000000C   0x4288             CMP      R0,R1
   \   0000000E   0xDBFA             BLT.N    ??__delay_cycles_1
   \   00000010   0xB001             ADD      SP,SP,#+4
   \   00000012   0x4770             BX       LR               ;; return
     10          #include "TLcd.h"
     11          #include "TLMX9838.h"
     12          #include "TADS1298.h"
     13          #include "TADS1292.h"
     14          #include "TInterpreter.h"
     15          
     16          /*----------------------------------------------------------------------------------*/

   \                                 In section .bss, align 4
     17          DEVICE_TypeDef TDevice::DEVICE_Obj;
   \                     _ZN7TDevice10DEVICE_ObjE:
   \   00000000                      DS8 80
     18          DEVICE_TypeDef *TDevice::DEVICE;
   \                     _ZN7TDevice6DEVICEE:
   \   00000050                      DS8 4
     19          
     20          
     21          
     22          /*----------------------------------------------------------------------------------*/

   \                                 In section .text, align 2, keep-with-next
     23          void TDevice::SystemLowLevelInit( void )
     24          {
   \                     _ZN7TDevice18SystemLowLevelInitEv: (+1)
   \   00000000   0xB410             PUSH     {R4}
     25          	DEVICE = &DEVICE_Obj;
   \   00000002   0x....             LDR.N    R0,??DataTable16_2
   \   00000004   0xF100 0x012C      ADD      R1,R0,#+44
   \   00000008   0x6248             STR      R0,[R1, #+36]
     26          	DEVICE->Hartbeat = &TEcgProcessor::Hartbeat;
   \   0000000A   0x....             LDR.N    R2,??DataTable16_3
   \   0000000C   0x61CA             STR      R2,[R1, #+28]
     27          	DEVICE->DebugTools = &THardware::DebugTools;
   \   0000000E   0x....             LDR.N    R3,??DataTable16_4
   \   00000010   0x620B             STR      R3,[R1, #+32]
     28          
     29          #ifdef EV_BOARD
     30          	DEVICE->Lcd.Enable = LcdEnable;
     31          	DEVICE->Lcd.Disable = LcdDisable;
     32          	DEVICE->Lcd.Status = false;
     33          
     34          	DEVICE->BattMeter.Enable = BattMeterEnable;
     35          	DEVICE->BattMeter.Disable = BattMeterDisable;
     36          	DEVICE->BattMeter.Status = false;
     37          
     38          	DEVICE->Keyboard.Enable = KeyboardEnable;
     39          	DEVICE->Keyboard.Disable = KeyboardDisable;
     40          	DEVICE->Keyboard.Status = false;
     41          
     42          	DEVICE->Bluetooth.Enable = BluetoothEnable;
     43          	DEVICE->Bluetooth.Disable = BluetoothDisable;
     44          	DEVICE->Bluetooth.Status = false;
     45          
     46          	DEVICE->Ecg.Enable = EcgEnable;
     47          	DEVICE->Ecg.Disable = EcgDisable;
     48          	DEVICE->Ecg.Status = false;
     49          
     50          	DEVICE->SD.Enable = SDEnable;
     51          	DEVICE->SD.Disable = SDDisable;
     52          	DEVICE->SD.Status = false;
     53          
     54          	DEVICE->Hartbeat->Enable = TEcgProcessor::TimerInit;
     55          	DEVICE->Hartbeat->Disable = TEcgProcessor::TimerDeinit;
     56          	DEVICE->Hartbeat->Status = false;
     57          
     58          	DEVICE->DebugTools->Enable = DebugToolsEnable;
     59          	DEVICE->DebugTools->Led1.On = THardware::Led0_On;
     60          	DEVICE->DebugTools->Led1.Off = THardware::Led0_Off;
     61          	DEVICE->DebugTools->Led2.On = THardware::Led1_On;
     62          	DEVICE->DebugTools->Led2.Off = THardware::Led1_Off;
     63          	DEVICE->DebugTools->Led3.On = THardware::Led2_On;
     64          	DEVICE->DebugTools->Led3.Off = THardware::Led2_Off;
     65          	DEVICE->DebugTools->Led4.On = THardware::Led3_On;
     66          	DEVICE->DebugTools->Led4.Off = THardware::Led3_Off;
     67          	DEVICE->DebugTools->Led.On = NULL;
     68          	DEVICE->DebugTools->Led.Off = NULL;
     69          	DEVICE->DebugTools->Status = false;
     70          #else
     71          	DEVICE->Lcd.Enable = LcdEnable;
   \   00000012   0x.... 0x....      ADR.W    R4,_ZN7TDevice9LcdEnableEv
   \   00000016   0x6004             STR      R4,[R0, #+0]
     72          	DEVICE->Lcd.Disable = LcdDisable;
   \   00000018   0x.... 0x....      ADR.W    R4,_ZN7TDevice10LcdDisableEv
   \   0000001C   0x6044             STR      R4,[R0, #+4]
     73          	DEVICE->Lcd.Status = false;
   \   0000001E   0x2400             MOVS     R4,#+0
   \   00000020   0x7204             STRB     R4,[R0, #+8]
     74          
     75          	DEVICE->BattMeter.Enable = BattMeterEnable;
   \   00000022   0x.... 0x....      ADR.W    R4,_ZN7TDevice15BattMeterEnableEv
   \   00000026   0x60C4             STR      R4,[R0, #+12]
     76          	DEVICE->BattMeter.Disable = BattMeterDisable;
   \   00000028   0x.... 0x....      ADR.W    R4,_ZN7TDevice16BattMeterDisableEv
   \   0000002C   0x6104             STR      R4,[R0, #+16]
     77          	DEVICE->BattMeter.Status = false;
   \   0000002E   0x2400             MOVS     R4,#+0
   \   00000030   0x7504             STRB     R4,[R0, #+20]
     78          
     79          	DEVICE->Keyboard.Enable = KeyboardEnable;
   \   00000032   0x.... 0x....      ADR.W    R4,_ZN7TDevice14KeyboardEnableEv
   \   00000036   0x6244             STR      R4,[R0, #+36]
     80          	DEVICE->Keyboard.Disable = KeyboardDisable;
   \   00000038   0x.... 0x....      ADR.W    R4,_ZN7TDevice15KeyboardDisableEv
   \   0000003C   0x6284             STR      R4,[R0, #+40]
     81          	DEVICE->Keyboard.Status = false;
   \   0000003E   0x2400             MOVS     R4,#+0
   \   00000040   0x700C             STRB     R4,[R1, #+0]
     82          
     83          	DEVICE->Bluetooth.Enable = BluetoothEnable;
   \   00000042   0x.... 0x....      ADR.W    R4,_ZN7TDevice15BluetoothEnableEv
   \   00000046   0x6184             STR      R4,[R0, #+24]
     84          	DEVICE->Bluetooth.Disable = BluetoothDisable;
   \   00000048   0x.... 0x....      ADR.W    R4,_ZN7TDevice16BluetoothDisableEv
   \   0000004C   0x61C4             STR      R4,[R0, #+28]
     85          	DEVICE->Bluetooth.Status = false;
   \   0000004E   0x2400             MOVS     R4,#+0
   \   00000050   0xF880 0x4020      STRB     R4,[R0, #+32]
     86          
     87          	DEVICE->Ecg.Enable = EcgEnable;
   \   00000054   0x.... 0x....      ADR.W    R0,_ZN7TDevice9EcgEnableEv
   \   00000058   0x6048             STR      R0,[R1, #+4]
     88          	DEVICE->Ecg.Disable = EcgDisable;
   \   0000005A   0x.... 0x....      ADR.W    R0,_ZN7TDevice10EcgDisableEv
   \   0000005E   0x6088             STR      R0,[R1, #+8]
     89          	DEVICE->Ecg.Status = false;
   \   00000060   0x4620             MOV      R0,R4
   \   00000062   0x7308             STRB     R0,[R1, #+12]
     90          
     91          	DEVICE->SD.Enable = SDEnable;
   \   00000064   0x.... 0x....      ADR.W    R0,_ZN7TDevice8SDEnableEv
   \   00000068   0x6108             STR      R0,[R1, #+16]
     92          	DEVICE->SD.Disable = SDDisable;
   \   0000006A   0x.... 0x....      ADR.W    R0,_ZN7TDevice9SDDisableEv
   \   0000006E   0x6148             STR      R0,[R1, #+20]
     93          	DEVICE->SD.Status = false;
   \   00000070   0x4620             MOV      R0,R4
   \   00000072   0x7608             STRB     R0,[R1, #+24]
     94          
     95          	DEVICE->Hartbeat->Enable = TEcgProcessor::TimerInit;
   \   00000074   0x....             LDR.N    R0,??DataTable16_5
   \   00000076   0x6010             STR      R0,[R2, #+0]
     96          	DEVICE->Hartbeat->Disable = TEcgProcessor::TimerDeinit;
   \   00000078   0x....             LDR.N    R0,??DataTable16_6
   \   0000007A   0x6050             STR      R0,[R2, #+4]
     97          	DEVICE->Hartbeat->Status = false;
   \   0000007C   0x4620             MOV      R0,R4
   \   0000007E   0x7390             STRB     R0,[R2, #+14]
     98          
     99          	DEVICE->DebugTools->Enable = DebugToolsEnable;
   \   00000080   0x.... 0x....      ADR.W    R0,_ZN7TDevice16DebugToolsEnableEv
   \   00000084   0x6018             STR      R0,[R3, #+0]
    100          	DEVICE->DebugTools->Disable = DebugToolsDisable;
   \   00000086   0x.... 0x....      ADR.W    R0,_ZN7TDevice17DebugToolsDisableEv
   \   0000008A   0x6058             STR      R0,[R3, #+4]
    101          	DEVICE->DebugTools->Led.On = THardware::LedOn;
   \   0000008C   0x....             LDR.N    R0,??DataTable16_7
   \   0000008E   0x62D8             STR      R0,[R3, #+44]
    102          	DEVICE->DebugTools->Led.Off = THardware::LedOff;
   \   00000090   0x....             LDR.N    R0,??DataTable16_8
   \   00000092   0x6318             STR      R0,[R3, #+48]
    103          	DEVICE->DebugTools->Status = false;
   \   00000094   0x4620             MOV      R0,R4
   \   00000096   0x7218             STRB     R0,[R3, #+8]
    104          #endif
    105          }
   \   00000098   0xBC10             POP      {R4}
   \   0000009A   0x4770             BX       LR               ;; return
    106          
    107          
    108          
    109          /*----------------------------------------------------------------------------------*/

   \                                 In section .text, align 4, keep-with-next
    110          void TDevice::LcdEnable( void )
    111          {
   \                     _ZN7TDevice9LcdEnableEv: (+1)
   \   00000000   0xB580             PUSH     {R7,LR}
    112          	TLcd::LcdPHYInit();
   \   00000002   0x.... 0x....      BL       _ZN4TLcd10LcdPHYInitEv
    113          //	TLcd::LcdOff = false;
    114          	TLcd::LcdEnable( true );
   \   00000006   0x2001             MOVS     R0,#+1
   \   00000008   0x.... 0x....      BL       _ZN4TLcd9LcdEnableEb
    115          	TLcd::LCD_Init();
   \   0000000C   0x.... 0x....      BL       _ZN4TLcd8LCD_InitEv
    116          	TLcd::LcdOff = false;
   \   00000010   0x2000             MOVS     R0,#+0
   \   00000012   0x....             LDR.N    R1,??DataTable16_9
   \   00000014   0x7008             STRB     R0,[R1, #+0]
    117          	DEVICE->Lcd.Status = true;
   \   00000016   0x2001             MOVS     R0,#+1
   \   00000018   0x....             LDR.N    R1,??DataTable16_2
   \   0000001A   0x6D09             LDR      R1,[R1, #+80]
   \   0000001C   0x7208             STRB     R0,[R1, #+8]
    118          }
   \   0000001E   0xBD01             POP      {R0,PC}          ;; return
    119          
    120          
    121          
    122          /*----------------------------------------------------------------------------------*/

   \                                 In section .text, align 4, keep-with-next
    123          void TDevice::LcdDisable( void )
    124          {
   \                     _ZN7TDevice10LcdDisableEv: (+1)
   \   00000000   0xB580             PUSH     {R7,LR}
    125            TLcd::LcdOff = true;
   \   00000002   0x2001             MOVS     R0,#+1
   \   00000004   0x....             LDR.N    R1,??DataTable16_9
   \   00000006   0x7008             STRB     R0,[R1, #+0]
    126          	TLcd::LcdPHYDeInit();
   \   00000008   0x.... 0x....      BL       _ZN4TLcd12LcdPHYDeInitEv
    127          	DEVICE->Lcd.Status = false;
   \   0000000C   0x2000             MOVS     R0,#+0
   \   0000000E   0x....             LDR.N    R1,??DataTable16_2
   \   00000010   0x6D09             LDR      R1,[R1, #+80]
   \   00000012   0x7208             STRB     R0,[R1, #+8]
    128          }
   \   00000014   0xBD01             POP      {R0,PC}          ;; return
    129          
    130          
    131          
    132          /*----------------------------------------------------------------------------------*/

   \                                 In section .text, align 4, keep-with-next
    133          void TDevice::BattMeterEnable( void )
    134          {
   \                     _ZN7TDevice15BattMeterEnableEv: (+1)
   \   00000000   0xB580             PUSH     {R7,LR}
    135          	THardware::VoltmeterInit();
   \   00000002   0x.... 0x....      BL       _ZN9THardware13VoltmeterInitEv
    136          	DEVICE->BattMeter.Status = true;
   \   00000006   0x2001             MOVS     R0,#+1
   \   00000008   0x....             LDR.N    R1,??DataTable16_2
   \   0000000A   0x6D09             LDR      R1,[R1, #+80]
   \   0000000C   0x7508             STRB     R0,[R1, #+20]
    137          }
   \   0000000E   0xBD01             POP      {R0,PC}          ;; return
    138          
    139          
    140          
    141          /*----------------------------------------------------------------------------------*/

   \                                 In section .text, align 4, keep-with-next
    142          void TDevice::BattMeterDisable( void )
    143          {
   \                     _ZN7TDevice16BattMeterDisableEv: (+1)
   \   00000000   0xB580             PUSH     {R7,LR}
    144          	THardware::VoltmeterDeinit();
   \   00000002   0x.... 0x....      BL       _ZN9THardware15VoltmeterDeinitEv
    145          	DEVICE->BattMeter.Status = false;
   \   00000006   0x2000             MOVS     R0,#+0
   \   00000008   0x....             LDR.N    R1,??DataTable16_2
   \   0000000A   0x6D09             LDR      R1,[R1, #+80]
   \   0000000C   0x7508             STRB     R0,[R1, #+20]
    146          }
   \   0000000E   0xBD01             POP      {R0,PC}          ;; return
    147          
    148          
    149          
    150          /*----------------------------------------------------------------------------------*/

   \                                 In section .text, align 4, keep-with-next
    151          void TDevice::KeyboardEnable( void )
    152          {
   \                     _ZN7TDevice14KeyboardEnableEv: (+1)
   \   00000000   0xB580             PUSH     {R7,LR}
    153          	THardware::KeysInit();
   \   00000002   0x.... 0x....      BL       _ZN9THardware8KeysInitEv
    154          	DEVICE->Keyboard.Status = true;
   \   00000006   0x2001             MOVS     R0,#+1
   \   00000008   0x....             LDR.N    R1,??DataTable16_2
   \   0000000A   0x6D09             LDR      R1,[R1, #+80]
   \   0000000C   0xF881 0x002C      STRB     R0,[R1, #+44]
    155          }
   \   00000010   0xBD01             POP      {R0,PC}          ;; return
    156          
    157          
    158          
    159          /*----------------------------------------------------------------------------------*/

   \                                 In section .text, align 4, keep-with-next
    160          void TDevice::KeyboardDisable( void )
    161          {
   \                     _ZN7TDevice15KeyboardDisableEv: (+1)
   \   00000000   0xB580             PUSH     {R7,LR}
    162          	THardware::KeysDeinit();
   \   00000002   0x.... 0x....      BL       _ZN9THardware10KeysDeinitEv
    163          	DEVICE->Keyboard.Status = false;
   \   00000006   0x2000             MOVS     R0,#+0
   \   00000008   0x....             LDR.N    R1,??DataTable16_2
   \   0000000A   0x6D09             LDR      R1,[R1, #+80]
   \   0000000C   0xF881 0x002C      STRB     R0,[R1, #+44]
    164          }
   \   00000010   0xBD01             POP      {R0,PC}          ;; return
    165          
    166          
    167          
    168          /*----------------------------------------------------------------------------------*/

   \                                 In section .text, align 4, keep-with-next
    169          void TDevice::BluetoothEnable( void )
    170          {
   \                     _ZN7TDevice15BluetoothEnableEv: (+1)
   \   00000000   0xB580             PUSH     {R7,LR}
    171          	TLMX9838::BluetoothPHYInit();
   \   00000002   0x.... 0x....      BL       _ZN8TLMX983816BluetoothPHYInitEv
    172          	DEVICE->Bluetooth.Status = true;
   \   00000006   0x2001             MOVS     R0,#+1
   \   00000008   0x....             LDR.N    R1,??DataTable16_2
   \   0000000A   0x6D09             LDR      R1,[R1, #+80]
   \   0000000C   0xF881 0x0020      STRB     R0,[R1, #+32]
    173          }
   \   00000010   0xBD01             POP      {R0,PC}          ;; return
    174          
    175          
    176          
    177          /*----------------------------------------------------------------------------------*/

   \                                 In section .text, align 4, keep-with-next
    178          void TDevice::BluetoothDisable( void )
    179          {
   \                     _ZN7TDevice16BluetoothDisableEv: (+1)
   \   00000000   0xB580             PUSH     {R7,LR}
    180          	TLMX9838::BluetoothPHYDeinit();
   \   00000002   0x.... 0x....      BL       _ZN8TLMX983818BluetoothPHYDeinitEv
    181          	DEVICE->Bluetooth.Status = false;
   \   00000006   0x2000             MOVS     R0,#+0
   \   00000008   0x....             LDR.N    R1,??DataTable16_2
   \   0000000A   0x6D09             LDR      R1,[R1, #+80]
   \   0000000C   0xF881 0x0020      STRB     R0,[R1, #+32]
    182          }
   \   00000010   0xBD01             POP      {R0,PC}          ;; return
    183          
    184          
    185          
    186          /*----------------------------------------------------------------------------------*/

   \                                 In section .text, align 4, keep-with-next
    187          void TDevice::EcgEnable( void )
    188          {
   \                     _ZN7TDevice9EcgEnableEv: (+1)
   \   00000000   0xB580             PUSH     {R7,LR}
    189          
    190          	TADS1298::ADS1298PHYInit();
   \   00000002   0x.... 0x....      BL       _ZN8TADS129814ADS1298PHYInitEv
    191          	TADS1298::ADS1298_Init();
   \   00000006   0x.... 0x....      BL       _ZN8TADS129812ADS1298_InitEv
    192          #ifdef USE_ADS1292R
    193          	TADS1292::ADS1292PHYInit();
   \   0000000A   0x.... 0x....      BL       _ZN8TADS129214ADS1292PHYInitEv
    194          	TADS1292::ADS1292_Init();
   \   0000000E   0x.... 0x....      BL       _ZN8TADS129212ADS1292_InitEv
    195          #endif //USE_ADS1292R
    196          
    197          	DEVICE->Ecg.Status = true;
   \   00000012   0x2001             MOVS     R0,#+1
   \   00000014   0x....             LDR.N    R1,??DataTable16_2
   \   00000016   0x6D09             LDR      R1,[R1, #+80]
   \   00000018   0xF881 0x0038      STRB     R0,[R1, #+56]
    198          }
   \   0000001C   0xBD01             POP      {R0,PC}          ;; return
    199          
    200          
    201          
    202          /*----------------------------------------------------------------------------------*/

   \                                 In section .text, align 4, keep-with-next
    203          void TDevice::EcgDisable( void )
    204          {
   \                     _ZN7TDevice10EcgDisableEv: (+1)
   \   00000000   0xB580             PUSH     {R7,LR}
    205          	TADS1298::ADS1298PHYInit();
   \   00000002   0x.... 0x....      BL       _ZN8TADS129814ADS1298PHYInitEv
    206          //	TADS1298::ADS1298_Deinit();
    207          	DEVICE->Ecg.Status = false;
   \   00000006   0x2000             MOVS     R0,#+0
   \   00000008   0x....             LDR.N    R1,??DataTable16_2
   \   0000000A   0x6D09             LDR      R1,[R1, #+80]
   \   0000000C   0xF881 0x0038      STRB     R0,[R1, #+56]
    208          }
   \   00000010   0xBD01             POP      {R0,PC}          ;; return
    209          
    210          
    211          
    212          /*----------------------------------------------------------------------------------*/

   \                                 In section .text, align 4, keep-with-next
    213          void TDevice::SDEnable( void )
    214          {
    215          //	NVIC_InitTypeDef NVIC_InitStructure;
    216          //
    217          //	NVIC_InitStructure.NVIC_IRQChannel = SDIO_IRQn;
    218          //	NVIC_InitStructure.NVIC_IRQChannelPreemptionPriority = 0;
    219          //	NVIC_InitStructure.NVIC_IRQChannelSubPriority = 0;
    220          //	NVIC_InitStructure.NVIC_IRQChannelCmd = ENABLE;
    221          //	NVIC_Init( &NVIC_InitStructure );
    222          
    223          	DEVICE->SD.Status = true;
   \                     _ZN7TDevice8SDEnableEv: (+1)
   \   00000000   0x2001             MOVS     R0,#+1
   \   00000002   0x....             LDR.N    R1,??DataTable16_2
   \   00000004   0x6D09             LDR      R1,[R1, #+80]
   \   00000006   0xF881 0x0044      STRB     R0,[R1, #+68]
    224          }
   \   0000000A   0x4770             BX       LR               ;; return
    225          
    226          
    227          
    228          /*----------------------------------------------------------------------------------*/

   \                                 In section .text, align 4, keep-with-next
    229          void TDevice::SDDisable( void )
    230          {
    231          //	NVIC_InitTypeDef NVIC_InitStructure;
    232          //
    233          //	NVIC_InitStructure.NVIC_IRQChannel = SDIO_IRQn;
    234          //	NVIC_InitStructure.NVIC_IRQChannelPreemptionPriority = 0;
    235          //	NVIC_InitStructure.NVIC_IRQChannelSubPriority = 0;
    236          //	NVIC_InitStructure.NVIC_IRQChannelCmd = DISABLE;
    237          //	NVIC_Init( &NVIC_InitStructure );
    238          
    239          	DEVICE->SD.Status = false;
   \                     _ZN7TDevice9SDDisableEv: (+1)
   \   00000000   0x2000             MOVS     R0,#+0
   \   00000002   0x....             LDR.N    R1,??DataTable16_2
   \   00000004   0x6D09             LDR      R1,[R1, #+80]
   \   00000006   0xF881 0x0044      STRB     R0,[R1, #+68]
    240          }
   \   0000000A   0x4770             BX       LR               ;; return
    241          
    242          
    243          
    244          /*----------------------------------------------------------------------------------*/

   \                                 In section .text, align 4, keep-with-next
    245          void TDevice::DebugToolsEnable( void )
    246          {
   \                     _ZN7TDevice16DebugToolsEnableEv: (+1)
   \   00000000   0xB580             PUSH     {R7,LR}
    247          #ifdef EV_BOARD
    248          	THardware::LedsPHYInit();
    249          #else
    250          	THardware::TestPinInit();
   \   00000002   0x.... 0x....      BL       _ZN9THardware11TestPinInitEv
    251          #endif
    252          	DEVICE->DebugTools->Status = true;
   \   00000006   0x2001             MOVS     R0,#+1
   \   00000008   0x....             LDR.N    R1,??DataTable16_2
   \   0000000A   0x6D09             LDR      R1,[R1, #+80]
   \   0000000C   0x6CC9             LDR      R1,[R1, #+76]
   \   0000000E   0x7208             STRB     R0,[R1, #+8]
    253          }
   \   00000010   0xBD01             POP      {R0,PC}          ;; return
    254          
    255          
    256          
    257          /*----------------------------------------------------------------------------------*/

   \                                 In section .text, align 4, keep-with-next
    258          void TDevice::DebugToolsDisable( void )
    259          {
   \                     _ZN7TDevice17DebugToolsDisableEv: (+1)
   \   00000000   0xB580             PUSH     {R7,LR}
    260          #ifdef EV_BOARD
    261          
    262          #else
    263          	THardware::TestPinDeinit();
   \   00000002   0x.... 0x....      BL       _ZN9THardware13TestPinDeinitEv
    264          #endif
    265          	DEVICE->DebugTools->Status = false;
   \   00000006   0x2000             MOVS     R0,#+0
   \   00000008   0x....             LDR.N    R1,??DataTable16_2
   \   0000000A   0x6D09             LDR      R1,[R1, #+80]
   \   0000000C   0x6CC9             LDR      R1,[R1, #+76]
   \   0000000E   0x7208             STRB     R0,[R1, #+8]
    266          }
   \   00000010   0xBD01             POP      {R0,PC}          ;; return
    267          /*----------------------------------------------------------------------------------*/
    268          

   \                                 In section .text, align 2, keep-with-next
    269          void TDevice::SystemReset()
    270          {
   \                     _ZN7TDevice11SystemResetEv: (+1)
   \   00000000   0xB510             PUSH     {R4,LR}
    271          
    272            __delay_cycles(600000);
   \   00000002   0x....             LDR.N    R4,??DataTable16_10  ;; 0x927c0
   \   00000004   0x4620             MOV      R0,R4
   \   00000006   0x.... 0x....      BL       _Z14__delay_cyclesi
    273          //vTaskDelay(100/portTICK_RATE_MS);	
    274            TInterpreter::SendFrameToHost(CMD_RST);
   \   0000000A   0x200D             MOVS     R0,#+13
   \   0000000C   0x.... 0x....      BL       _ZN12TInterpreter15SendFrameToHostEh
    275            __delay_cycles(600000);
   \   00000010   0x4620             MOV      R0,R4
   \   00000012   0x.... 0x....      BL       _Z14__delay_cyclesi
    276          //  vTaskDelay(1000/portTICK_RATE_MS);	
    277            NVIC_SystemReset();
   \   00000016   0x.... 0x....      BL       _Z16NVIC_SystemResetv
    278          
    279          	while(1) 
   \                     ??SystemReset_0: (+1)
   \   0000001A   0xE7FE             B.N      ??SystemReset_0
    280          	{}	
    281          }

   \                                 In section .text, align 4, keep-with-next
   \                     ??DataTable16:
   \   00000000   0xE000ED0C         DC32     0xe000ed0c

   \                                 In section .text, align 4, keep-with-next
   \                     ??DataTable16_1:
   \   00000000   0x05FA0004         DC32     0x5fa0004

   \                                 In section .text, align 4, keep-with-next
   \                     ??DataTable16_2:
   \   00000000   0x........         DC32     _ZN7TDevice10DEVICE_ObjE

   \                                 In section .text, align 4, keep-with-next
   \                     ??DataTable16_3:
   \   00000000   0x........         DC32     _ZN13TEcgProcessor8HartbeatE

   \                                 In section .text, align 4, keep-with-next
   \                     ??DataTable16_4:
   \   00000000   0x........         DC32     _ZN9THardware10DebugToolsE

   \                                 In section .text, align 4, keep-with-next
   \                     ??DataTable16_5:
   \   00000000   0x........         DC32     _ZN13TEcgProcessor9TimerInitEv

   \                                 In section .text, align 4, keep-with-next
   \                     ??DataTable16_6:
   \   00000000   0x........         DC32     _ZN13TEcgProcessor11TimerDeinitEv

   \                                 In section .text, align 4, keep-with-next
   \                     ??DataTable16_7:
   \   00000000   0x........         DC32     _ZN9THardware5LedOnEv

   \                                 In section .text, align 4, keep-with-next
   \                     ??DataTable16_8:
   \   00000000   0x........         DC32     _ZN9THardware6LedOffEv

   \                                 In section .text, align 4, keep-with-next
   \                     ??DataTable16_9:
   \   00000000   0x........         DC32     _ZN4TLcd6LcdOffE

   \                                 In section .text, align 4, keep-with-next
   \                     ??DataTable16_10:
   \   00000000   0x000927C0         DC32     0x927c0
    282          /*----------------------------------------------------------------------------------*/
    283          
    284          

   Maximum stack usage in bytes:

   .cstack Function
   ------- --------
       0   NVIC_SystemReset()
       8   TDevice::BattMeterDisable()
         8   -> THardware::VoltmeterDeinit()
       8   TDevice::BattMeterEnable()
         8   -> THardware::VoltmeterInit()
       8   TDevice::BluetoothDisable()
         8   -> TLMX9838::BluetoothPHYDeinit()
       8   TDevice::BluetoothEnable()
         8   -> TLMX9838::BluetoothPHYInit()
       8   TDevice::DebugToolsDisable()
         8   -> THardware::TestPinDeinit()
       8   TDevice::DebugToolsEnable()
         8   -> THardware::TestPinInit()
       8   TDevice::EcgDisable()
         8   -> TADS1298::ADS1298PHYInit()
       8   TDevice::EcgEnable()
         8   -> TADS1292::ADS1292PHYInit()
         8   -> TADS1292::ADS1292_Init()
         8   -> TADS1298::ADS1298PHYInit()
         8   -> TADS1298::ADS1298_Init()
       8   TDevice::KeyboardDisable()
         8   -> THardware::KeysDeinit()
       8   TDevice::KeyboardEnable()
         8   -> THardware::KeysInit()
       8   TDevice::LcdDisable()
         8   -> TLcd::LcdPHYDeInit()
       8   TDevice::LcdEnable()
         8   -> TLcd::LCD_Init()
         8   -> TLcd::LcdEnable(bool)
         8   -> TLcd::LcdPHYInit()
       0   TDevice::SDDisable()
       0   TDevice::SDEnable()
       4   TDevice::SystemLowLevelInit()
       8   TDevice::SystemReset()
         8   -> NVIC_SystemReset()
         8   -> TInterpreter::SendFrameToHost(BYTE)
         8   -> __delay_cycles(int)
       4   __delay_cycles(int)


   Section sizes:

   Bytes  Function/Label
   -----  --------------
       4  ??DataTable16
       4  ??DataTable16_1
       4  ??DataTable16_10
       4  ??DataTable16_2
       4  ??DataTable16_3
       4  ??DataTable16_4
       4  ??DataTable16_5
       4  ??DataTable16_6
       4  ??DataTable16_7
       4  ??DataTable16_8
       4  ??DataTable16_9
      24  NVIC_SystemReset()
      16  TDevice::BattMeterDisable()
      16  TDevice::BattMeterEnable()
      18  TDevice::BluetoothDisable()
      18  TDevice::BluetoothEnable()
      84  TDevice::DEVICE_Obj
          TDevice::DEVICE
      18  TDevice::DebugToolsDisable()
      18  TDevice::DebugToolsEnable()
      18  TDevice::EcgDisable()
      30  TDevice::EcgEnable()
      18  TDevice::KeyboardDisable()
      18  TDevice::KeyboardEnable()
      22  TDevice::LcdDisable()
      32  TDevice::LcdEnable()
      12  TDevice::SDDisable()
      12  TDevice::SDEnable()
     156  TDevice::SystemLowLevelInit()
      28  TDevice::SystemReset()
      20  __delay_cycles(int)

 
  84 bytes in section .bss
 538 bytes in section .text
 
 518 bytes of CODE memory (+ 20 bytes shared)
  84 bytes of DATA memory

Errors: none
Warnings: none
