###############################################################################
#
# IAR ANSI C/C++ Compiler V7.40.2.8542/W32 for ARM        17/Oct/2018  09:51:17
# Copyright 1999-2015 IAR Systems AB.
#
#    Cpu mode     =  thumb
#    Endian       =  little
#    Source file  =  D:\WORK\Firmware_LastRelease\_7.0.95\MainMCU\TFrame.cpp
#    Command line =  
#        D:\WORK\Firmware_LastRelease\_7.0.95\MainMCU\TFrame.cpp -D IAR_ARM_CM4
#        -D USE_STDPERIPH_DRIVER -D STM32F40_41xxx -D HAVE_CONFIG_H -D
#        SD_SPI_MODE -D USE_FULL_ASSERT -D DEVICE_2 -D TFT -D STENDBUY_NOT_USE
#        -D SCREEN_NOT_ROTATE -D USE_ADS1292R -D DISPLAY_GPIO -D
#        BUFFERED_TRANSFER -D LCD_TRACE -lCN
#        D:\WORK\Firmware_LastRelease\_7.0.95\MainMCU\KP02_DEVICE_2\List\ -o
#        D:\WORK\Firmware_LastRelease\_7.0.95\MainMCU\KP02_DEVICE_2\Obj\
#        --no_unroll --no_inline --no_tbaa --no_scheduling --debug
#        --endian=little --cpu=Cortex-M4F -e --fpu=VFPv4_sp --dlib_config
#        "D:\Program Files (x86)\IAR Systems\Embedded Workbench
#        7.2\arm\INC\c\DLib_Config_Normal.h" -I
#        D:\WORK\Firmware_LastRelease\_7.0.95\MainMCU\ -I
#        D:\WORK\Firmware_LastRelease\_7.0.95\MainMCU\FatFs\ -I
#        D:\WORK\Firmware_LastRelease\_7.0.95\MainMCU\FreeRTOS\Source\include\
#        -I
#        D:\WORK\Firmware_LastRelease\_7.0.95\MainMCU\FreeRTOS\Source\portable\IAR\ARM_CM3\
#        -I
#        D:\WORK\Firmware_LastRelease\_7.0.95\MainMCU\Libraries\CMSIS\CM4\CoreSupport\
#        -I
#        D:\WORK\Firmware_LastRelease\_7.0.95\MainMCU\Libraries\CMSIS\CM4\DeviceSupport\STM32F4xx\
#        -I
#        D:\WORK\Firmware_LastRelease\_7.0.95\MainMCU\Libraries\STM32F4xx_StdPeriph_Driver\inc\
#        -I
#        D:\WORK\Firmware_LastRelease\_7.0.95\MainMCU\Libraries\STM32F10x_Speex_Lib\include\speex\
#        -I
#        D:\WORK\Firmware_LastRelease\_7.0.95\MainMCU\Libraries\STM32F10x_Speex_Lib\include\
#        -I
#        D:\WORK\Firmware_LastRelease\_7.0.95\MainMCU\Libraries\STM32F10x_Speex_Lib\libspeex\
#        -I
#        D:\WORK\Firmware_LastRelease\_7.0.95\MainMCU\Libraries\STM32F10x_Speex_Lib\STM32\include\speex\
#        -I
#        D:\WORK\Firmware_LastRelease\_7.0.95\MainMCU\Libraries\STM32F10x_Speex_Lib\STM32\include\
#        -I
#        D:\WORK\Firmware_LastRelease\_7.0.95\MainMCU\Libraries\STM32F10x_Speex_Lib\STM32\
#        -I
#        D:\WORK\Firmware_LastRelease\_7.0.95\MainMCU\Libraries\STM32F10x_Speex_Lib\STM32\libspeex\
#        -I
#        D:\WORK\Firmware_LastRelease\_7.0.95\MainMCU\Libraries\STM32F10x_Speex_Lib\STM32\libspeex\iar\
#        -I D:\WORK\Firmware_LastRelease\_7.0.95\MainMCU\Fonts\ -Om --ec++
#    List file    =  
#        D:\WORK\Firmware_LastRelease\_7.0.95\MainMCU\KP02_DEVICE_2\List\TFrame.lst
#    Object file  =  
#        D:\WORK\Firmware_LastRelease\_7.0.95\MainMCU\KP02_DEVICE_2\Obj\TFrame.o
#
###############################################################################

D:\WORK\Firmware_LastRelease\_7.0.95\MainMCU\TFrame.cpp
      1          #include "TFrame.h"

   \                                 In section .text, align 4
   \   __interwork __softfp bool TLMX9838::LMX9838_GetOnOffState()
   \                     _ZN8TLMX983821LMX9838_GetOnOffStateEv: (+1)
   \   00000000   0x4801             LDR.N    R0,??LMX9838_GetOnOffState_0
   \   00000002   0x7800             LDRB     R0,[R0, #+0]
   \   00000004   0x4770             BX       LR               ;; return
   \   00000006   0xBF00             Nop      
   \                     ??LMX9838_GetOnOffState_0:
   \   00000008   0x........         DC32     _ZN8TLMX98385BT_OnE
      2          #include "TAppProcessor.h"
      3          #include "TLcdTrace.h"
      4          //#include "TRespProcessor.h"
      5          #include "TGuiObjectsV2.h"
      6          //------------------------------------------------------------------------------------

   \                                 In section .bss, align 4
      7          volatile uint8_t TFrame::UartBuffer[ USART_BUFFER_SIZE ];
   \                     _ZN6TFrame10UartBufferE:
   \   00000000                      DS8 256
      8          volatile int  TFrame::UartBufferIndx = 0;
      9          volatile bool TFrame::UartBuffNotEmpty = false;
     10          //------------------------------------------------------------------------------------

   \                                 In section .bss, align 4
     11          uint8_t TFrame::xBuffer[ XBUFFER_SIZE ];
   \                     _ZN6TFrame7xBufferE:
   \   00000000                      DS8 256
     12          uint8_t TFrame::gDataLenght = 0;

   \                                 In section .bss, align 4
     13          uint8_t *TFrame::gData = NULL;
     14          //------------------------------------------------------------------------------------
     15          int16_t TFrame::SampleDataBuffer[MONITORINGSAMPLEDATABUFF_SIZE];
     16          uint8_t TFrame::inSmpDataIndx = 0;
     17          uint8_t TFrame::outSmpDataIndx = 0;
     18          //------------------------------------------------------------------------------------
     19          xTaskHandle TFrame::xhECGDataSend;
     20          xTaskHandle TFrame::xhBPDataSend;
     21          xTaskHandle TFrame::xhCmdProcessor;
     22          int HFH_Event = 0;
     23          //------------------------------------------------------------------------------------
     24          bool TFrame::LSTAT_Stored = false;
   \                     _ZN6TFrame12LSTAT_StoredE:
   \   00000000                      DS8 1
     25          //------------------------------------------------------------------------------------
     26          bool TFrame::TurnOffAfterLinkDisconnected = false;
   \                     _ZN6TFrame28TurnOffAfterLinkDisconnectedE:
   \   00000001                      DS8 1
     27          //------------------------------------------------------------------------------------
     28          bool TFrame::StartMonitioring = false;
     29          bool TFrame::StartUpBluetooth = false;
   \                     _ZN6TFrame16StartUpBluetoothE:
   \   00000002                      DS8 1
   \   00000003                      DS8 1
   \                     _ZN6TFrame5gDataE:
   \   00000004                      DS8 4
   \                     HFH_Event:
   \   00000008                      DS8 4

   \                                 In section .bss, align 4
   \                     _ZN6TFrame16SampleDataBufferE:
   \   00000000                      DS8 480

   \                                 In section .bss, align 4
   \                     _ZN6TFrame13xhECGDataSendE:
   \   00000000                      DS8 4

   \                                 In section .bss, align 4
   \                     _ZN6TFrame12xhBPDataSendE:
   \   00000000                      DS8 4

   \                                 In section .bss, align 4
     30          
     31          bool TFrame::ResumeFromISR = false;
   \                     _ZN6TFrame13ResumeFromISRE:
   \   00000000                      DS8 1
   \   00000001                      DS8 3
   \                     _ZN6TFrame14xhCmdProcessorE:
   \   00000004                      DS8 4

   \                                 In section .bss, align 1
   \                     _ZN6TFrame16StartMonitioringE:
   \   00000000                      DS8 1
     32          //------------------------------------------------------------------------------------
     33          

   \                                 In section .text, align 2, keep-with-next
     34          void TFrame::ISR_USART_Rcv(void)
     35          {
   \                     _ZN6TFrame13ISR_USART_RcvEv: (+1)
   \   00000000   0xB538             PUSH     {R3-R5,LR}
     36            UartBuffer[UartBufferIndx] = (uint8_t)USART_ReceiveData(LMX_USART);
   \   00000002   0x.... 0x....      LDR.W    R4,??DataTable16
   \   00000006   0x68E5             LDR      R5,[R4, #+12]
   \   00000008   0x.... 0x....      LDR.W    R0,??DataTable16_1  ;; 0x40011000
   \   0000000C   0x.... 0x....      BL       USART_ReceiveData
   \   00000010   0x.... 0x....      LDR.W    R1,??DataTable16_2
   \   00000014   0x5468             STRB     R0,[R5, R1]
     37            UartBufferIndx++;
   \   00000016   0x68E0             LDR      R0,[R4, #+12]
   \   00000018   0x1C40             ADDS     R0,R0,#+1
   \   0000001A   0x60E0             STR      R0,[R4, #+12]
     38            if(UartBufferIndx == (USART_BUFFER_SIZE - 1)) UartBufferIndx = (USART_BUFFER_SIZE - 1);
   \   0000001C   0x68E0             LDR      R0,[R4, #+12]
   \   0000001E   0x28FF             CMP      R0,#+255
   \   00000020   0xD101             BNE.N    ??ISR_USART_Rcv_0
   \   00000022   0x20FF             MOVS     R0,#+255
   \   00000024   0x60E0             STR      R0,[R4, #+12]
     39            UartBuffNotEmpty = true;
   \                     ??ISR_USART_Rcv_0: (+1)
   \   00000026   0x2001             MOVS     R0,#+1
   \   00000028   0x7020             STRB     R0,[R4, #+0]
     40          //  xTaskResumeFromISR(xhCmdProcessor);
     41          }
   \   0000002A   0xBD31             POP      {R0,R4,R5,PC}    ;; return
     42          //------------------------------------------------------------------------------------
     43          

   \                                 In section .text, align 2, keep-with-next
     44          uint8_t TFrame::CommandRequest()
     45          {
   \                     _ZN6TFrame14CommandRequestEv: (+1)
   \   00000000   0xB4F0             PUSH     {R4-R7}
     46          
     47            uint8_t UartBufferIndxEnd = UartBufferIndx;
   \   00000002   0x.... 0x....      LDR.W    R0,??DataTable16
   \   00000006   0x68C1             LDR      R1,[R0, #+12]
   \   00000008   0xB2C9             UXTB     R1,R1
     48            static uint8_t UartBufferIndxRd = 0;
     49            static uint8_t FrameBufferIndx = 0;
     50          
     51            static uint8_t FrameReadsCnt = 0;
     52            static uint8_t FrameDataCnt = 0xFF;
     53          
     54            static bool IsLMXFrameBegin = false;
     55            static bool IsCPMFrameBegin = false;
     56          
     57            static uint8_t TryingAttemptsToFrameRead = 0;
     58          
     59            if(!UartBuffNotEmpty)
   \   0000000A   0x7802             LDRB     R2,[R0, #+0]
   \   0000000C   0x2A00             CMP      R2,#+0
   \   0000000E   0xD113             BNE.N    ??CommandRequest_0
     60              {
     61                if(IsLMXFrameBegin || IsCPMFrameBegin)
   \   00000010   0x7981             LDRB     R1,[R0, #+6]
   \   00000012   0x79C2             LDRB     R2,[R0, #+7]
   \   00000014   0x4311             ORRS     R1,R2,R1
   \   00000016   0xD00C             BEQ.N    ??CommandRequest_1
     62                  {
     63                    TryingAttemptsToFrameRead++;
   \   00000018   0x7A01             LDRB     R1,[R0, #+8]
   \   0000001A   0x1C49             ADDS     R1,R1,#+1
   \   0000001C   0x7201             STRB     R1,[R0, #+8]
     64          
     65                    if(TryingAttemptsToFrameRead > 100)
   \   0000001E   0xB2C9             UXTB     R1,R1
   \   00000020   0x2965             CMP      R1,#+101
   \   00000022   0xDB06             BLT.N    ??CommandRequest_1
     66                      {
     67                        IsLMXFrameBegin = false;
   \   00000024   0x2100             MOVS     R1,#+0
   \   00000026   0x7181             STRB     R1,[R0, #+6]
     68                        IsCPMFrameBegin = false;
   \   00000028   0x71C1             STRB     R1,[R0, #+7]
     69                        FrameBufferIndx = 0;
   \   0000002A   0x70C1             STRB     R1,[R0, #+3]
     70                        FrameReadsCnt = 0;
   \   0000002C   0x7101             STRB     R1,[R0, #+4]
     71                        FrameDataCnt = 0xFF;
   \   0000002E   0x21FF             MOVS     R1,#+255
   \   00000030   0x7141             STRB     R1,[R0, #+5]
     72                        /* Needs to processing dropped frames */
     73                      }
     74                  }
     75                return crqNoneFrame;
     76              }
     77          
     78            TryingAttemptsToFrameRead = 0;
     79          
     80            if(UartBufferIndxRd == UartBufferIndxEnd)
     81              {
     82                UartBufferIndxRd = 0;
     83                UartBufferIndx = 0;
     84                UartBuffNotEmpty = false;
     85                return crqNoneFrame;
     86              }
     87          
     88          
     89            for(uint8_t j = UartBufferIndxRd;j < UartBufferIndxEnd;j++)
     90              {
     91                if(!IsLMXFrameBegin && !IsCPMFrameBegin)
     92                  {
     93                    if(UartBuffer[UartBufferIndxRd] == 0x02)
     94                      {
     95                        IsLMXFrameBegin = true;
     96                      }
     97                    if(UartBuffer[UartBufferIndxRd] == 0x55)
     98                      {
     99                        IsCPMFrameBegin = true;
    100                      }
    101                  }
    102                else
    103                  {
    104                    if(IsLMXFrameBegin)
    105                      {
    106                        uint8_t UartDataByte = UartBuffer[UartBufferIndxRd];
    107          
    108                        if(FrameReadsCnt == 2) FrameDataCnt = UartDataByte + 4;
    109          
    110                        xBuffer[FrameBufferIndx++] = UartDataByte;
    111                        FrameReadsCnt++;
    112                        FrameDataCnt--;
    113          
    114                        if(FrameDataCnt == 0)
    115                          {
    116                            IsLMXFrameBegin = false;
    117                            if(UartDataByte == 0x03)
    118                              {
    119                                UartBufferIndxRd++;
    120                                FrameReadsCnt = 0;
    121                                FrameDataCnt = 0xFF;
    122                                gDataLenght = FrameBufferIndx;
    123                                FrameBufferIndx = 0;
    124                                return crqLMXFrame;
    125                              }
    126                          }
    127                      }
    128                    else
    129                      if(IsCPMFrameBegin)
    130                        {
    131                          uint8_t UartDataByte = UartBuffer[UartBufferIndxRd];
    132          
    133                          if(FrameReadsCnt == 1) FrameDataCnt = UartDataByte + 3;
    134          
    135                          xBuffer[FrameBufferIndx++] = UartDataByte;
    136                          FrameReadsCnt++;
    137                          FrameDataCnt--;
    138          
    139                          if(FrameDataCnt == 0)
    140                            {
    141                              IsCPMFrameBegin = false;
    142                              if(UartDataByte == 0xAA)
    143                                {
    144                                  UartBufferIndxRd++;
    145                                  FrameReadsCnt = 0;
    146                                  FrameDataCnt = 0xFF;
    147                                  gDataLenght = FrameBufferIndx;
    148                                  FrameBufferIndx = 0;
    149                                  return crqCPMFrame;
    150                                }
    151                            }
    152                        }
    153                  }
    154                UartBufferIndxRd++;
    155              }
    156          
    157          
    158            return crqNoneFrame;
   \                     ??CommandRequest_1: (+1)
   \   00000032   0x2000             MOVS     R0,#+0
   \                     ??CommandRequest_2: (+1)
   \   00000034   0xBCF0             POP      {R4-R7}
   \   00000036   0x4770             BX       LR               ;; return
   \                     ??CommandRequest_0: (+1)
   \   00000038   0x2200             MOVS     R2,#+0
   \   0000003A   0x7202             STRB     R2,[R0, #+8]
   \   0000003C   0x7882             LDRB     R2,[R0, #+2]
   \   0000003E   0x428A             CMP      R2,R1
   \   00000040   0xD116             BNE.N    ??CommandRequest_3
   \   00000042   0x2100             MOVS     R1,#+0
   \   00000044   0x7081             STRB     R1,[R0, #+2]
   \   00000046   0x60C1             STR      R1,[R0, #+12]
   \   00000048   0x7001             STRB     R1,[R0, #+0]
   \   0000004A   0x4608             MOV      R0,R1
   \   0000004C   0xE7F2             B.N      ??CommandRequest_2
   \                     ??CommandRequest_4: (+1)
   \   0000004E   0x7883             LDRB     R3,[R0, #+2]
   \   00000050   0x.... 0x....      LDR.W    R4,??DataTable16_2
   \   00000054   0x5D1D             LDRB     R5,[R3, R4]
   \   00000056   0x2D02             CMP      R5,#+2
   \   00000058   0xD101             BNE.N    ??CommandRequest_5
   \   0000005A   0x2501             MOVS     R5,#+1
   \   0000005C   0x7185             STRB     R5,[R0, #+6]
   \                     ??CommandRequest_5: (+1)
   \   0000005E   0x5D1B             LDRB     R3,[R3, R4]
   \   00000060   0x2B55             CMP      R3,#+85
   \   00000062   0xD101             BNE.N    ??CommandRequest_6
   \   00000064   0x2301             MOVS     R3,#+1
   \   00000066   0x71C3             STRB     R3,[R0, #+7]
   \                     ??CommandRequest_6: (+1)
   \   00000068   0x7883             LDRB     R3,[R0, #+2]
   \   0000006A   0x1C5B             ADDS     R3,R3,#+1
   \   0000006C   0x7083             STRB     R3,[R0, #+2]
   \   0000006E   0x1C52             ADDS     R2,R2,#+1
   \                     ??CommandRequest_3: (+1)
   \   00000070   0xB2D2             UXTB     R2,R2
   \   00000072   0x428A             CMP      R2,R1
   \   00000074   0xDADD             BGE.N    ??CommandRequest_1
   \   00000076   0x79C3             LDRB     R3,[R0, #+7]
   \   00000078   0x7984             LDRB     R4,[R0, #+6]
   \   0000007A   0xEA53 0x0504      ORRS     R5,R3,R4
   \   0000007E   0xD0E6             BEQ.N    ??CommandRequest_4
   \   00000080   0x2C00             CMP      R4,#+0
   \   00000082   0xD025             BEQ.N    ??CommandRequest_7
   \   00000084   0x7883             LDRB     R3,[R0, #+2]
   \   00000086   0x.... 0x....      LDR.W    R4,??DataTable16_2
   \   0000008A   0x5D1D             LDRB     R5,[R3, R4]
   \   0000008C   0x7906             LDRB     R6,[R0, #+4]
   \   0000008E   0x2E02             CMP      R6,#+2
   \   00000090   0xD101             BNE.N    ??CommandRequest_8
   \   00000092   0x1D2C             ADDS     R4,R5,#+4
   \   00000094   0x7144             STRB     R4,[R0, #+5]
   \                     ??CommandRequest_8: (+1)
   \   00000096   0x78C4             LDRB     R4,[R0, #+3]
   \   00000098   0x.... 0x....      LDR.W    R7,??DataTable16_3
   \   0000009C   0x55E5             STRB     R5,[R4, R7]
   \   0000009E   0x1C64             ADDS     R4,R4,#+1
   \   000000A0   0x70C4             STRB     R4,[R0, #+3]
   \   000000A2   0x1C76             ADDS     R6,R6,#+1
   \   000000A4   0x7106             STRB     R6,[R0, #+4]
   \   000000A6   0x7946             LDRB     R6,[R0, #+5]
   \   000000A8   0x1E76             SUBS     R6,R6,#+1
   \   000000AA   0x7146             STRB     R6,[R0, #+5]
   \   000000AC   0xB2F6             UXTB     R6,R6
   \   000000AE   0x2E00             CMP      R6,#+0
   \   000000B0   0xD1DA             BNE.N    ??CommandRequest_6
   \   000000B2   0x2600             MOVS     R6,#+0
   \   000000B4   0x7186             STRB     R6,[R0, #+6]
   \   000000B6   0x2D03             CMP      R5,#+3
   \   000000B8   0xD1D6             BNE.N    ??CommandRequest_6
   \   000000BA   0x1C59             ADDS     R1,R3,#+1
   \   000000BC   0x7081             STRB     R1,[R0, #+2]
   \   000000BE   0x4631             MOV      R1,R6
   \   000000C0   0x7101             STRB     R1,[R0, #+4]
   \   000000C2   0x21FF             MOVS     R1,#+255
   \   000000C4   0x7141             STRB     R1,[R0, #+5]
   \   000000C6   0x7044             STRB     R4,[R0, #+1]
   \   000000C8   0x4631             MOV      R1,R6
   \   000000CA   0x70C1             STRB     R1,[R0, #+3]
   \   000000CC   0x2001             MOVS     R0,#+1
   \   000000CE   0xE7B1             B.N      ??CommandRequest_2
   \                     ??CommandRequest_7: (+1)
   \   000000D0   0x2B00             CMP      R3,#+0
   \   000000D2   0xD0C9             BEQ.N    ??CommandRequest_6
   \   000000D4   0x7883             LDRB     R3,[R0, #+2]
   \   000000D6   0x.... 0x....      LDR.W    R4,??DataTable16_2
   \   000000DA   0x5D1D             LDRB     R5,[R3, R4]
   \   000000DC   0x7906             LDRB     R6,[R0, #+4]
   \   000000DE   0x2E01             CMP      R6,#+1
   \   000000E0   0xD101             BNE.N    ??CommandRequest_9
   \   000000E2   0x1CEC             ADDS     R4,R5,#+3
   \   000000E4   0x7144             STRB     R4,[R0, #+5]
   \                     ??CommandRequest_9: (+1)
   \   000000E6   0x78C4             LDRB     R4,[R0, #+3]
   \   000000E8   0x.... 0x....      LDR.W    R7,??DataTable16_3
   \   000000EC   0x55E5             STRB     R5,[R4, R7]
   \   000000EE   0x1C64             ADDS     R4,R4,#+1
   \   000000F0   0x70C4             STRB     R4,[R0, #+3]
   \   000000F2   0x1C76             ADDS     R6,R6,#+1
   \   000000F4   0x7106             STRB     R6,[R0, #+4]
   \   000000F6   0x7946             LDRB     R6,[R0, #+5]
   \   000000F8   0x1E76             SUBS     R6,R6,#+1
   \   000000FA   0x7146             STRB     R6,[R0, #+5]
   \   000000FC   0xB2F6             UXTB     R6,R6
   \   000000FE   0x2E00             CMP      R6,#+0
   \   00000100   0xD1B2             BNE.N    ??CommandRequest_6
   \   00000102   0x2600             MOVS     R6,#+0
   \   00000104   0x71C6             STRB     R6,[R0, #+7]
   \   00000106   0x2DAA             CMP      R5,#+170
   \   00000108   0xD1AE             BNE.N    ??CommandRequest_6
   \   0000010A   0x1C59             ADDS     R1,R3,#+1
   \   0000010C   0x7081             STRB     R1,[R0, #+2]
   \   0000010E   0x4631             MOV      R1,R6
   \   00000110   0x7101             STRB     R1,[R0, #+4]
   \   00000112   0x21FF             MOVS     R1,#+255
   \   00000114   0x7141             STRB     R1,[R0, #+5]
   \   00000116   0x7044             STRB     R4,[R0, #+1]
   \   00000118   0x4631             MOV      R1,R6
   \   0000011A   0x70C1             STRB     R1,[R0, #+3]
   \   0000011C   0x2002             MOVS     R0,#+2
   \   0000011E   0xE789             B.N      ??CommandRequest_2
    159          }

   \                                 In section .data, align 4
   \                     _ZN6TFrame16UartBuffNotEmptyE:
   \   00000000   0x00               DC8 0
   \                     _ZN6TFrame11gDataLenghtE:
   \   00000001   0x00               DC8 0
   \   00000002   0x00               DC8 0
   \   00000003   0x00               DC8 0
   \   00000004   0x00               DC8 0
   \   00000005   0xFF               DC8 255
   \   00000006   0x00               DC8 0
   \   00000007   0x00               DC8 0
   \   00000008   0x00               DC8 0
   \   00000009   0x00 0x00          DC8 0, 0, 0
   \              0x00         
   \                     _ZN6TFrame14UartBufferIndxE:
   \   0000000C   0x00000000         DC32 0
    160          
    161          /*----------------------------------------------------------------------------------*/

   \                                 In section .text, align 2, keep-with-next
    162          void TFrame::SetState()
    163          {
    164            if(LMX9838_Ready)
   \                     _ZN6TFrame8SetStateEv: (+1)
   \   00000000   0x.... 0x....      LDR.W    R0,??DataTable16_4
   \   00000004   0x7800             LDRB     R0,[R0, #+0]
   \   00000006   0x2800             CMP      R0,#+0
   \   00000008   0xD100             BNE.N    ??SetState_0
   \   0000000A   0x4770             BX       LR
    165            {
    166          
    167              if(GPIO_ReadInputDataBit(LMX_LSTAT_GPIO_PORT,LMX_LSTAT_GPIO_PIN))  /* если блютуз установили соединение */
   \                     ??SetState_0: (+1)
   \   0000000C   0xB510             PUSH     {R4,LR}
   \   0000000E   0x.... 0x....      LDR.W    R4,??DataTable16_5
   \   00000012   0xF44F 0x7100      MOV      R1,#+512
   \   00000016   0x.... 0x....      LDR.W    R0,??DataTable16_6  ;; 0x40020400
   \   0000001A   0x.... 0x....      BL       GPIO_ReadInputDataBit
   \   0000001E   0x2800             CMP      R0,#+0
   \   00000020   0xD019             BEQ.N    ??SetState_1
    168              {
    169                if(LMX9838_GetOnOffState()) LMX9838_Connected = true;
    170                else LMX9838_Connected = false;
   \   00000022   0x.... 0x....      BL       _ZN8TLMX983821LMX9838_GetOnOffStateEv
   \   00000026   0x7020             STRB     R0,[R4, #+0]
    171                if(LMX9838_GetOnOffState())
   \   00000028   0x.... 0x....      BL       _ZN8TLMX983821LMX9838_GetOnOffStateEv
   \   0000002C   0x2800             CMP      R0,#+0
   \   0000002E   0xD022             BEQ.N    ??SetState_2
    172                {
    173          //            GPIO_SetBits( TEST_PORT, TEST_PIN );
    174                  vTaskDelay(100/portTICK_RATE_MS);
   \   00000030   0x2064             MOVS     R0,#+100
   \   00000032   0x.... 0x....      BL       vTaskDelay
    175                  SendFrameToHost(RPL_LINKED_MARK,25,(uint8_t *)TAppProcessor::ufSerialNumber.DeviceName);
   \   00000036   0x.... 0x....      LDR.W    R2,??DataTable16_7
   \   0000003A   0x2119             MOVS     R1,#+25
   \   0000003C   0x2005             MOVS     R0,#+5
   \   0000003E   0x.... 0x....      BL       _ZN6TFrame15SendFrameToHostEhhPKh
    176          
    177                  TGuiObjects::ToolbarSet(TBFM_BLUETOOTH,0);
   \   00000042   0x2100             MOVS     R1,#+0
   \   00000044   0x2001             MOVS     R0,#+1
   \   00000046   0x.... 0x....      BL       _ZN11TGuiObjects10ToolbarSetEib
    178                  TGuiObjects::ToolbarSet(TBFM_BLUETOOTHONAIR,1);
   \   0000004A   0x2101             MOVS     R1,#+1
   \   0000004C   0x2040             MOVS     R0,#+64
   \   0000004E   0xE8BD 0x4010      POP      {R4,LR}
   \   00000052   0x.... 0x....      B.W      _ZN11TGuiObjects10ToolbarSetEib
    179                }
    180          
    181              }
    182              else    /* соединения нет */
    183              {
    184                LMX9838_Connected = false;
   \                     ??SetState_1: (+1)
   \   00000056   0x2000             MOVS     R0,#+0
   \   00000058   0x7020             STRB     R0,[R4, #+0]
    185                if(LMX9838_GetOnOffState())
   \   0000005A   0x.... 0x....      BL       _ZN8TLMX983821LMX9838_GetOnOffStateEv
   \   0000005E   0x2800             CMP      R0,#+0
   \   00000060   0xD009             BEQ.N    ??SetState_2
    186                {
    187          //            GPIO_ResetBits( TEST_PORT, TEST_PIN );
    188                  TGuiObjects::ToolbarSet(TBFM_BLUETOOTH,1);
   \   00000062   0x2101             MOVS     R1,#+1
   \   00000064   0x4608             MOV      R0,R1
   \   00000066   0x.... 0x....      BL       _ZN11TGuiObjects10ToolbarSetEib
    189                  TGuiObjects::ToolbarSet(TBFM_BLUETOOTHONAIR,0);
   \   0000006A   0x2100             MOVS     R1,#+0
   \   0000006C   0x2040             MOVS     R0,#+64
   \   0000006E   0xE8BD 0x4010      POP      {R4,LR}
   \   00000072   0x.... 0x....      B.W      _ZN11TGuiObjects10ToolbarSetEib
    190                }
    191              }
    192            }
    193          }
   \                     ??SetState_2: (+1)
   \   00000076   0xBD10             POP      {R4,PC}          ;; return
    194          //------------------------------------------------------------------------------------
    195          

   \                                 In section .text, align 2, keep-with-next
    196          void TFrame::TASK_CmdProcessor( void *pvParameters )
    197          {
   \                     _ZN6TFrame17TASK_CmdProcessorEPv: (+1)
   \   00000000   0xB538             PUSH     {R3-R5,LR}
    198            LSTAT_Stored = 0;
   \   00000002   0x.... 0x....      LDR.W    R4,??DataTable16_8
   \   00000006   0x2000             MOVS     R0,#+0
   \   00000008   0x7020             STRB     R0,[R4, #+0]
   \   0000000A   0xE01D             B.N      ??TASK_CmdProcessor_0
    199          
    200            while(1)
    201            {
    202          //    if(!LMX9838_GetOnOffState()) vTaskSuspend(NULL);
    203          //    if(!LMX9838_GetOnOffState()) vTaskSuspend(NULL);
    204          
    205               uint8_t CmtType = CommandRequest();
    206          
    207              HFH_Event = 4;
    208              //проверка запуска задачи по откр. порта с задержкой
    209          
    210              if((CmtType == crqNoneFrame)
    211                && (GPIO_ReadInputDataBit(LMX_LSTAT_GPIO_PORT,LMX_LSTAT_GPIO_PIN) == 0)
    212                && (BT_On == true) && StartUpBluetooth)
    213               {
    214                SetState();
   \                     ??TASK_CmdProcessor_1: (+1)
   \   0000000C   0x.... 0x....      BL       _ZN6TFrame8SetStateEv
    215          #ifdef LCD_TRACE
    216                TLcdTrace::AddLine("TCMD SUSP");
   \   00000010   0x.... 0x....      ADR.W    R0,?_0
   \   00000014   0x.... 0x....      BL       _ZN9TLcdTrace7AddLineEPKc
    217          #endif
    218                if(TurnOffAfterLinkDisconnected)
   \   00000018   0x7860             LDRB     R0,[R4, #+1]
   \   0000001A   0x2800             CMP      R0,#+0
   \   0000001C   0xD008             BEQ.N    ??TASK_CmdProcessor_2
    219                {
    220                  TurnOffAfterLinkDisconnected = false;
   \   0000001E   0x2000             MOVS     R0,#+0
   \   00000020   0x7060             STRB     R0,[R4, #+1]
    221                  if (TAppProcessor::RecordInProgress)
   \   00000022   0x.... 0x....      LDR.W    R0,??DataTable16_9
   \   00000026   0x7800             LDRB     R0,[R0, #+0]
   \   00000028   0x2800             CMP      R0,#+0
   \   0000002A   0xD001             BEQ.N    ??TASK_CmdProcessor_2
    222                  {
    223                    TurnOffBluetooth();
   \   0000002C   0x.... 0x....      BL       _ZN8TLMX983816TurnOffBluetoothEv
    224                  }
    225                }
    226          
    227                 vTaskSuspend( NULL ); //TFrame::xhCmdProcessor
   \                     ??TASK_CmdProcessor_2: (+1)
   \   00000030   0x2000             MOVS     R0,#+0
   \   00000032   0x.... 0x....      BL       vTaskSuspend
    228          
    229                vTaskDelay(10/portTICK_RATE_MS);
   \   00000036   0x200A             MOVS     R0,#+10
   \   00000038   0x.... 0x....      BL       vTaskDelay
    230          
    231                //vTaskDelay( 100/portTICK_RATE_MS );
    232          
    233                SetState();
   \   0000003C   0x.... 0x....      BL       _ZN6TFrame8SetStateEv
    234          
    235                #ifdef LCD_TRACE
    236                   TLcdTrace::AddLine("Link Established");
   \   00000040   0x.... 0x....      ADR.W    R0,?_1
   \   00000044   0x.... 0x....      BL       _ZN9TLcdTrace7AddLineEPKc
    237                #endif
    238          
    239                continue;
    240               }
   \                     ??TASK_CmdProcessor_0: (+1)
   \   00000048   0x.... 0x....      BL       _ZN6TFrame14CommandRequestEv
   \   0000004C   0x4605             MOV      R5,R0
   \   0000004E   0x2004             MOVS     R0,#+4
   \   00000050   0x60A0             STR      R0,[R4, #+8]
   \   00000052   0x2D00             CMP      R5,#+0
   \   00000054   0xD10D             BNE.N    ??TASK_CmdProcessor_3
   \   00000056   0xF44F 0x7100      MOV      R1,#+512
   \   0000005A   0x.... 0x....      LDR.W    R0,??DataTable16_6  ;; 0x40020400
   \   0000005E   0x.... 0x....      BL       GPIO_ReadInputDataBit
   \   00000062   0x2800             CMP      R0,#+0
   \   00000064   0xD105             BNE.N    ??TASK_CmdProcessor_3
   \   00000066   0x.... 0x....      LDR.W    R0,??DataTable16_10
   \   0000006A   0x7800             LDRB     R0,[R0, #+0]
   \   0000006C   0x78A1             LDRB     R1,[R4, #+2]
   \   0000006E   0x4208             TST      R0,R1
   \   00000070   0xD1CC             BNE.N    ??TASK_CmdProcessor_1
    241          
    242               if(CmtType == crqLMXFrame)
   \                     ??TASK_CmdProcessor_3: (+1)
   \   00000072   0x2D01             CMP      R5,#+1
   \   00000074   0xD10A             BNE.N    ??TASK_CmdProcessor_4
    243               {
    244                uint8_t _type;
    245                 uint8_t Packet = ParseLMXCommand(&_type);
   \   00000076   0xA800             ADD      R0,SP,#+0
   \   00000078   0x.... 0x....      BL       _ZN6TFrame15ParseLMXCommandEPh
    246                HFH_Event = 1;
   \   0000007C   0x2101             MOVS     R1,#+1
   \   0000007E   0x60A1             STR      R1,[R4, #+8]
    247                 LMX9838_ParceEvents(Packet,_type,gData);
   \   00000080   0x6862             LDR      R2,[R4, #+4]
   \   00000082   0xF89D 0x1000      LDRB     R1,[SP, #+0]
   \   00000086   0x.... 0x....      BL       _ZN8TLMX983819LMX9838_ParceEventsEhhPh
   \   0000008A   0xE00B             B.N      ??TASK_CmdProcessor_5
    248               }
    249               else if(CmtType == crqCPMFrame)
   \                     ??TASK_CmdProcessor_4: (+1)
   \   0000008C   0x2D02             CMP      R5,#+2
   \   0000008E   0xD109             BNE.N    ??TASK_CmdProcessor_5
    250              {
    251                 uint8_t _datacnt;
    252                 uint8_t Packet = ParseSysCommand(&_datacnt);
   \   00000090   0xA800             ADD      R0,SP,#+0
   \   00000092   0x.... 0x....      BL       _ZN6TFrame15ParseSysCommandEPh
    253                HFH_Event = 2;
   \   00000096   0x2102             MOVS     R1,#+2
   \   00000098   0x60A1             STR      R1,[R4, #+8]
    254                 TAppProcessor::App_ParceEvents(Packet,_datacnt,gData);
   \   0000009A   0x6862             LDR      R2,[R4, #+4]
   \   0000009C   0xF89D 0x1000      LDRB     R1,[SP, #+0]
   \   000000A0   0x.... 0x....      BL       _ZN13TAppProcessor15App_ParceEventsEhhPh
    255              }
    256              HFH_Event = 3;
   \                     ??TASK_CmdProcessor_5: (+1)
   \   000000A4   0x2003             MOVS     R0,#+3
   \   000000A6   0x60A0             STR      R0,[R4, #+8]
    257          
    258              vTaskDelay(2/portTICK_RATE_MS);    /* 10 ms period */
   \   000000A8   0x2002             MOVS     R0,#+2
   \   000000AA   0x.... 0x....      BL       vTaskDelay
   \   000000AE   0xE7CB             B.N      ??TASK_CmdProcessor_0
    259             }
    260          }
    261          //------------------------------------------------------------------------------------
    262          

   \                                 In section .text, align 2, keep-with-next
    263          uint8_t TFrame::ParseLMXCommand(uint8_t *Type)
    264          {
    265            uint8_t retByte = xBuffer[0];
   \                     _ZN6TFrame15ParseLMXCommandEPh: (+1)
   \   00000000   0x....             LDR.N    R2,??DataTable16_3
   \   00000002   0x7811             LDRB     R1,[R2, #+0]
    266          
    267            *Type = xBuffer[1];
   \   00000004   0x7853             LDRB     R3,[R2, #+1]
   \   00000006   0x7003             STRB     R3,[R0, #+0]
    268          //  for(uint8_t i = 0;i < *DataCount;i++) Data[i] = xBuffer[i + 2];
    269            gData = &xBuffer[2];
   \   00000008   0x1C90             ADDS     R0,R2,#+2
   \   0000000A   0x....             LDR.N    R2,??DataTable16_8
   \   0000000C   0x6050             STR      R0,[R2, #+4]
    270          
    271            return retByte;
   \   0000000E   0x4608             MOV      R0,R1
   \   00000010   0x4770             BX       LR               ;; return
    272          }
    273          //------------------------------------------------------------------------------------
    274          

   \                                 In section .text, align 2, keep-with-next
    275          uint8_t TFrame::ParseSysCommand(uint8_t *DataCount)
    276          {
    277            uint8_t retByte = xBuffer[0];
   \                     _ZN6TFrame15ParseSysCommandEPh: (+1)
   \   00000000   0x....             LDR.N    R2,??DataTable16_3
   \   00000002   0x7811             LDRB     R1,[R2, #+0]
    278          
    279            *DataCount = xBuffer[1];
   \   00000004   0x7853             LDRB     R3,[R2, #+1]
   \   00000006   0x7003             STRB     R3,[R0, #+0]
    280          //  for(uint8_t i = 0;i < *DataCount;i++) Data[i] = xBuffer[i + 2];
    281            gData = &xBuffer[2];
   \   00000008   0x1C90             ADDS     R0,R2,#+2
   \   0000000A   0x....             LDR.N    R2,??DataTable16_8
   \   0000000C   0x6050             STR      R0,[R2, #+4]
    282          
    283            return retByte;
   \   0000000E   0x4608             MOV      R0,R1
   \   00000010   0x4770             BX       LR               ;; return
    284          }
    285          //------------------------------------------------------------------------------------
    286          

   \                                 In section .text, align 2, keep-with-next
    287          bool TFrame::SendDataFrameToHost( uint8_t smplIndx )
    288          {
   \                     _ZN6TFrame19SendDataFrameToHostEh: (+1)
   \   00000000   0xB538             PUSH     {R3-R5,LR}
   \   00000002   0x4604             MOV      R4,R0
    289            if(!LMX9838_Connected) return false;
   \   00000004   0x....             LDR.N    R0,??DataTable16_5
   \   00000006   0x7800             LDRB     R0,[R0, #+0]
   \   00000008   0x2800             CMP      R0,#+0
   \   0000000A   0xD101             BNE.N    ??SendDataFrameToHost_0
   \   0000000C   0x2000             MOVS     R0,#+0
   \   0000000E   0xBD32             POP      {R1,R4,R5,PC}
    290          
    291            uint8_t oVfByte = 0;
    292          
    293          
    294            if (TAppProcessor::cable_state == ct10Leads)
   \                     ??SendDataFrameToHost_0: (+1)
   \   00000010   0x....             LDR.N    R0,??DataTable16_11
   \   00000012   0x6800             LDR      R0,[R0, #+0]
   \   00000014   0x2803             CMP      R0,#+3
   \   00000016   0xD136             BNE.N    ??SendDataFrameToHost_1
    295            {
    296               SendByte(0x5A, false);    /* SBM data frame */
   \   00000018   0x2100             MOVS     R1,#+0
   \   0000001A   0x205A             MOVS     R0,#+90
   \   0000001C   0x.... 0x....      BL       _ZN8TLMX98388SendByteEhb
    297              for(uint8_t i = 0;i < 10;i++)          //!!!  8  !!!
   \   00000020   0x2500             MOVS     R5,#+0
   \   00000022   0xE013             B.N      ??SendDataFrameToHost_2
    298              {
    299                CharInt rtData;
    300                int sdbIndx  = i + smplIndx;
   \                     ??SendDataFrameToHost_3: (+1)
   \   00000024   0xFA50 0xF084      UXTAB    R0,R0,R4
    301                if(sdbIndx < MONITORINGSAMPLEDATABUFF_SIZE)
   \   00000028   0x28F0             CMP      R0,#+240
   \   0000002A   0xDA04             BGE.N    ??SendDataFrameToHost_4
    302                  rtData.Int = SampleDataBuffer[sdbIndx];
   \   0000002C   0x....             LDR.N    R1,??DataTable16_12
   \   0000002E   0xF831 0x0010      LDRH     R0,[R1, R0, LSL #+1]
   \   00000032   0xF8AD 0x0000      STRH     R0,[SP, #+0]
    303                SendByte(rtData.Char[1], false);
   \                     ??SendDataFrameToHost_4: (+1)
   \   00000036   0x2100             MOVS     R1,#+0
   \   00000038   0xF89D 0x0001      LDRB     R0,[SP, #+1]
   \   0000003C   0x.... 0x....      BL       _ZN8TLMX98388SendByteEhb
    304                SendByte(rtData.Char[0], false);
   \   00000040   0x2100             MOVS     R1,#+0
   \   00000042   0xF89D 0x0000      LDRB     R0,[SP, #+0]
   \   00000046   0x.... 0x....      BL       _ZN8TLMX98388SendByteEhb
    305              }
   \   0000004A   0x1C6D             ADDS     R5,R5,#+1
   \                     ??SendDataFrameToHost_2: (+1)
   \   0000004C   0xB2ED             UXTB     R5,R5
   \   0000004E   0x4628             MOV      R0,R5
   \   00000050   0x280A             CMP      R0,#+10
   \   00000052   0xDBE7             BLT.N    ??SendDataFrameToHost_3
    306          
    307          /*    for(uint8_t i = 0;i < 2;i++)
    308              {
    309                Pila[i] = Pila[i] + 10*((i + 1) * (i + 1));
    310                if (Pila[i] > 2048) Pila[i] = -2048;
    311                CharInt rtData;
    312                rtData.Int = Pila[i];
    313                SendByte(rtData.Char[1], false);
    314                SendByte(rtData.Char[0], false);
    315              }
    316          */
    317          
    318          //    SendByte(0, false);
    319          //    SendByte(0, false);
    320          //    SendByte(0, false);
    321          //    SendByte(0, false);
    322              SendByte(21, false);
   \   00000054   0x2100             MOVS     R1,#+0
   \   00000056   0x2015             MOVS     R0,#+21
   \   00000058   0x.... 0x....      BL       _ZN8TLMX98388SendByteEhb
    323              SendByte(22, false);
   \   0000005C   0x2100             MOVS     R1,#+0
   \   0000005E   0x2016             MOVS     R0,#+22
   \   00000060   0x.... 0x....      BL       _ZN8TLMX98388SendByteEhb
    324              SendByte(23, false);
   \   00000064   0x2100             MOVS     R1,#+0
   \   00000066   0x2017             MOVS     R0,#+23
   \   00000068   0x.... 0x....      BL       _ZN8TLMX98388SendByteEhb
    325              SendByte(24, false);
   \   0000006C   0x2100             MOVS     R1,#+0
   \   0000006E   0x2018             MOVS     R0,#+24
   \   00000070   0x.... 0x....      BL       _ZN8TLMX98388SendByteEhb
    326              SendByte(25, false);
   \   00000074   0x2100             MOVS     R1,#+0
   \   00000076   0x2019             MOVS     R0,#+25
   \   00000078   0x.... 0x....      BL       _ZN8TLMX98388SendByteEhb
    327              SendByte(0xA5, true);
   \   0000007C   0x2101             MOVS     R1,#+1
   \   0000007E   0x20A5             MOVS     R0,#+165
   \   00000080   0x.... 0x....      BL       _ZN8TLMX98388SendByteEhb
   \   00000084   0xE025             B.N      ??SendDataFrameToHost_5
    328            } else {
    329              SendByte(0x5E, false);    /* SBM data frame */
   \                     ??SendDataFrameToHost_1: (+1)
   \   00000086   0x2100             MOVS     R1,#+0
   \   00000088   0x205E             MOVS     R0,#+94
   \   0000008A   0x.... 0x....      BL       _ZN8TLMX98388SendByteEhb
    330              for(uint8_t i = 0;i < 3;i++)
   \   0000008E   0x2500             MOVS     R5,#+0
   \   00000090   0xE013             B.N      ??SendDataFrameToHost_6
    331              {
    332          
    333                CharInt rtData;
    334          
    335                int sdbIndx  = i + smplIndx;
   \                     ??SendDataFrameToHost_7: (+1)
   \   00000092   0xFA50 0xF084      UXTAB    R0,R0,R4
    336                if(sdbIndx < MONITORINGSAMPLEDATABUFF_SIZE)
   \   00000096   0x28F0             CMP      R0,#+240
   \   00000098   0xDA04             BGE.N    ??SendDataFrameToHost_8
    337                  rtData.Int = SampleDataBuffer[sdbIndx];
   \   0000009A   0x....             LDR.N    R1,??DataTable16_12
   \   0000009C   0xF831 0x0010      LDRH     R0,[R1, R0, LSL #+1]
   \   000000A0   0xF8AD 0x0000      STRH     R0,[SP, #+0]
    338          
    339                SendByte(rtData.Char[1], false);
   \                     ??SendDataFrameToHost_8: (+1)
   \   000000A4   0x2100             MOVS     R1,#+0
   \   000000A6   0xF89D 0x0001      LDRB     R0,[SP, #+1]
   \   000000AA   0x.... 0x....      BL       _ZN8TLMX98388SendByteEhb
    340                SendByte(rtData.Char[0], false);
   \   000000AE   0x2100             MOVS     R1,#+0
   \   000000B0   0xF89D 0x0000      LDRB     R0,[SP, #+0]
   \   000000B4   0x.... 0x....      BL       _ZN8TLMX98388SendByteEhb
    341          
    342          
    343              }
   \   000000B8   0x1C6D             ADDS     R5,R5,#+1
   \                     ??SendDataFrameToHost_6: (+1)
   \   000000BA   0xB2ED             UXTB     R5,R5
   \   000000BC   0x4628             MOV      R0,R5
   \   000000BE   0x2803             CMP      R0,#+3
   \   000000C0   0xDBE7             BLT.N    ??SendDataFrameToHost_7
    344              SendByte(oVfByte, false);
   \   000000C2   0x2100             MOVS     R1,#+0
   \   000000C4   0x4608             MOV      R0,R1
   \   000000C6   0x.... 0x....      BL       _ZN8TLMX98388SendByteEhb
    345              SendByte(0xE5, true);
   \   000000CA   0x2101             MOVS     R1,#+1
   \   000000CC   0x20E5             MOVS     R0,#+229
   \   000000CE   0x.... 0x....      BL       _ZN8TLMX98388SendByteEhb
    346            }
    347          
    348            return true;
   \                     ??SendDataFrameToHost_5: (+1)
   \   000000D2   0x2001             MOVS     R0,#+1
   \   000000D4   0xBD32             POP      {R1,R4,R5,PC}    ;; return
    349          }
    350          //------------------------------------------------------------------------------------
    351          //------------------------------------------------------------------------------------
    352          

   \                                 In section .text, align 2, keep-with-next
    353          bool TFrame::SendFrameToHost(uint8_t FrameID, uint8_t BytesCnt,const uint8_t *Data)
    354          {
   \                     _ZN6TFrame15SendFrameToHostEhhPKh: (+1)
   \   00000000   0xB5F8             PUSH     {R3-R7,LR}
   \   00000002   0x4604             MOV      R4,R0
   \   00000004   0x460D             MOV      R5,R1
   \   00000006   0x4616             MOV      R6,R2
    355            if(!LMX9838_Connected) return false;
   \   00000008   0x....             LDR.N    R0,??DataTable16_5
   \   0000000A   0x7800             LDRB     R0,[R0, #+0]
   \   0000000C   0x2800             CMP      R0,#+0
   \   0000000E   0xD101             BNE.N    ??SendFrameToHost_0
   \   00000010   0x2000             MOVS     R0,#+0
   \   00000012   0xBDF2             POP      {R1,R4-R7,PC}
    356          
    357            CharInt crcBCC;
    358          
    359            crcBCC.Int = 0;
   \                     ??SendFrameToHost_0: (+1)
   \   00000014   0x2000             MOVS     R0,#+0
   \   00000016   0xF8AD 0x0000      STRH     R0,[SP, #+0]
    360          
    361            SendByte(0x55);
   \   0000001A   0x2055             MOVS     R0,#+85
   \   0000001C   0x.... 0x....      BL       _ZN8TLMX98388SendByteEh
    362          
    363            SendByte(FrameID);
   \   00000020   0x4620             MOV      R0,R4
   \   00000022   0x.... 0x....      BL       _ZN8TLMX98388SendByteEh
    364          
    365            SendByte(BytesCnt);
   \   00000026   0x4628             MOV      R0,R5
   \   00000028   0x.... 0x....      BL       _ZN8TLMX98388SendByteEh
    366          
    367            for(uint8_t i = 0;i < BytesCnt;i++)
   \   0000002C   0x2700             MOVS     R7,#+0
   \   0000002E   0xE00A             B.N      ??SendFrameToHost_1
    368              {
    369                SendByte(Data[i]);
   \                     ??SendFrameToHost_2: (+1)
   \   00000030   0x5DB8             LDRB     R0,[R7, R6]
   \   00000032   0x.... 0x....      BL       _ZN8TLMX98388SendByteEh
    370                crcBCC.Int += Data[i];
   \   00000036   0xF8BD 0x0000      LDRH     R0,[SP, #+0]
   \   0000003A   0x5DB9             LDRB     R1,[R7, R6]
   \   0000003C   0x1840             ADDS     R0,R0,R1
   \   0000003E   0xF8AD 0x0000      STRH     R0,[SP, #+0]
    371              }
   \   00000042   0x1C7F             ADDS     R7,R7,#+1
   \   00000044   0xB2FF             UXTB     R7,R7
   \                     ??SendFrameToHost_1: (+1)
   \   00000046   0x42AF             CMP      R7,R5
   \   00000048   0xDBF2             BLT.N    ??SendFrameToHost_2
    372          
    373            crcBCC.Int += FrameID;
    374            crcBCC.Int += BytesCnt;
   \   0000004A   0xF8BD 0x0000      LDRH     R0,[SP, #+0]
   \   0000004E   0xFA55 0xF184      UXTAB    R1,R5,R4
   \   00000052   0x1808             ADDS     R0,R1,R0
   \   00000054   0xF8AD 0x0000      STRH     R0,[SP, #+0]
    375          
    376            SendByte(crcBCC.Char[0]);
   \   00000058   0xF89D 0x0000      LDRB     R0,[SP, #+0]
   \   0000005C   0x.... 0x....      BL       _ZN8TLMX98388SendByteEh
    377          
    378            SendByte(0xAA);
   \   00000060   0x20AA             MOVS     R0,#+170
   \   00000062   0x.... 0x....      BL       _ZN8TLMX98388SendByteEh
    379          
    380            return true;
   \   00000066   0x2001             MOVS     R0,#+1
   \   00000068   0xBDF2             POP      {R1,R4-R7,PC}    ;; return
    381          }
    382          //------------------------------------------------------------------------------------
    383          

   \                                 In section .text, align 2, keep-with-next
    384          bool TFrame::SendFrameToHost(uint8_t FrameID, uint8_t BytesCnt, uint8_t Data)
    385          {
   \                     _ZN6TFrame15SendFrameToHostEhhh: (+1)
   \   00000000   0xB570             PUSH     {R4-R6,LR}
   \   00000002   0xB082             SUB      SP,SP,#+8
   \   00000004   0x4604             MOV      R4,R0
   \   00000006   0x460D             MOV      R5,R1
   \   00000008   0x4616             MOV      R6,R2
    386            if(!LMX9838_Connected) return false;
   \   0000000A   0x....             LDR.N    R0,??DataTable16_5
   \   0000000C   0x7800             LDRB     R0,[R0, #+0]
   \   0000000E   0x2800             CMP      R0,#+0
   \   00000010   0xD101             BNE.N    ??SendFrameToHost_3
   \   00000012   0x2000             MOVS     R0,#+0
   \   00000014   0xBD76             POP      {R1,R2,R4-R6,PC}
    387          
    388            CharInt crcBCC;
    389          
    390            crcBCC.Int = 0;
    391          
    392            SendByte(0x55);
   \                     ??SendFrameToHost_3: (+1)
   \   00000016   0x2055             MOVS     R0,#+85
   \   00000018   0x.... 0x....      BL       _ZN8TLMX98388SendByteEh
    393          
    394            SendByte(FrameID);
   \   0000001C   0x4620             MOV      R0,R4
   \   0000001E   0x.... 0x....      BL       _ZN8TLMX98388SendByteEh
    395          
    396            SendByte(BytesCnt);
   \   00000022   0x4628             MOV      R0,R5
   \   00000024   0x.... 0x....      BL       _ZN8TLMX98388SendByteEh
    397          
    398            SendByte(Data);
   \   00000028   0x4630             MOV      R0,R6
   \   0000002A   0x.... 0x....      BL       _ZN8TLMX98388SendByteEh
    399            crcBCC.Int += Data;
    400          
    401            crcBCC.Int += FrameID;
    402            crcBCC.Int += BytesCnt;
   \   0000002E   0xFA54 0xF086      UXTAB    R0,R4,R6
   \   00000032   0xFA50 0xF085      UXTAB    R0,R0,R5
   \   00000036   0xF8AD 0x0000      STRH     R0,[SP, #+0]
    403          
    404            SendByte(crcBCC.Char[0]);
   \   0000003A   0xF89D 0x0000      LDRB     R0,[SP, #+0]
   \   0000003E   0x.... 0x....      BL       _ZN8TLMX98388SendByteEh
    405          
    406            SendByte(0xAA);
   \   00000042   0x20AA             MOVS     R0,#+170
   \   00000044   0x.... 0x....      BL       _ZN8TLMX98388SendByteEh
    407          
    408            return true;
   \   00000048   0x2001             MOVS     R0,#+1
   \   0000004A   0xBD76             POP      {R1,R2,R4-R6,PC}  ;; return
    409          }
    410          //------------------------------------------------------------------------------------
    411          

   \                                 In section .text, align 2, keep-with-next
    412          bool TFrame::SendFrameToHost(uint8_t FrameID)
    413          {
   \                     _ZN6TFrame15SendFrameToHostEh: (+1)
   \   00000000   0xB510             PUSH     {R4,LR}
   \   00000002   0xB082             SUB      SP,SP,#+8
   \   00000004   0x4604             MOV      R4,R0
    414            if(!LMX9838_Connected) return false;
   \   00000006   0x....             LDR.N    R0,??DataTable16_5
   \   00000008   0x7800             LDRB     R0,[R0, #+0]
   \   0000000A   0x2800             CMP      R0,#+0
   \   0000000C   0xD101             BNE.N    ??SendFrameToHost_4
   \   0000000E   0x2000             MOVS     R0,#+0
   \   00000010   0xBD16             POP      {R1,R2,R4,PC}
    415          
    416            CharInt crcBCC;
    417          
    418            crcBCC.Int = 0;
    419          
    420            SendByte(0x55);
   \                     ??SendFrameToHost_4: (+1)
   \   00000012   0x2055             MOVS     R0,#+85
   \   00000014   0x.... 0x....      BL       _ZN8TLMX98388SendByteEh
    421          
    422            SendByte(FrameID);
   \   00000018   0x4620             MOV      R0,R4
   \   0000001A   0x.... 0x....      BL       _ZN8TLMX98388SendByteEh
    423          
    424            SendByte(0);
   \   0000001E   0x2000             MOVS     R0,#+0
   \   00000020   0x.... 0x....      BL       _ZN8TLMX98388SendByteEh
    425          
    426            crcBCC.Int += FrameID;
   \   00000024   0xF8AD 0x4000      STRH     R4,[SP, #+0]
    427          
    428            SendByte(crcBCC.Char[0]);
   \   00000028   0x4620             MOV      R0,R4
   \   0000002A   0x.... 0x....      BL       _ZN8TLMX98388SendByteEh
    429          
    430            SendByte(0xAA);
   \   0000002E   0x20AA             MOVS     R0,#+170
   \   00000030   0x.... 0x....      BL       _ZN8TLMX98388SendByteEh
    431          
    432            return true;
   \   00000034   0x2001             MOVS     R0,#+1
   \   00000036   0xBD16             POP      {R1,R2,R4,PC}    ;; return
    433          }
    434          //------------------------------------------------------------------------------------
    435          

   \                                 In section .text, align 2, keep-with-next
    436          void TFrame::ClearxBuffer()
    437          {
    438            for(int i = 0;i < XBUFFER_SIZE;i++) xBuffer[i] = 0;
   \                     _ZN6TFrame12ClearxBufferEv: (+1)
   \   00000000   0x2000             MOVS     R0,#+0
   \   00000002   0x4601             MOV      R1,R0
   \   00000004   0x....             LDR.N    R2,??DataTable16_3
   \   00000006   0xE001             B.N      ??ClearxBuffer_0
   \                     ??ClearxBuffer_1: (+1)
   \   00000008   0x5481             STRB     R1,[R0, R2]
   \   0000000A   0x1C40             ADDS     R0,R0,#+1
   \                     ??ClearxBuffer_0: (+1)
   \   0000000C   0x28FF             CMP      R0,#+255
   \   0000000E   0xDDFB             BLE.N    ??ClearxBuffer_1
    439          }
   \   00000010   0x4770             BX       LR               ;; return
    440          

   \                                 In section .text, align 2, keep-with-next
    441          void TFrame::TASK_CheckISRFlag(void *pvParameters)
    442          {
   \                     _ZN6TFrame17TASK_CheckISRFlagEPv: (+1)
   \   00000000   0xB510             PUSH     {R4,LR}
   \   00000002   0x....             LDR.N    R4,??DataTable16_13
    443            while(1)
    444            {
    445              if (ResumeFromISR)
   \                     ??TASK_CheckISRFlag_0: (+1)
   \   00000004   0x7820             LDRB     R0,[R4, #+0]
   \   00000006   0x2800             CMP      R0,#+0
   \   00000008   0xD004             BEQ.N    ??TASK_CheckISRFlag_1
    446              {
    447                vTaskResume(xhCmdProcessor);
   \   0000000A   0x6860             LDR      R0,[R4, #+4]
   \   0000000C   0x.... 0x....      BL       vTaskResume
    448          
    449                ResumeFromISR = false;
   \   00000010   0x2000             MOVS     R0,#+0
   \   00000012   0x7020             STRB     R0,[R4, #+0]
    450              }
    451          
    452              vTaskDelay(5/portTICK_RATE_MS);
   \                     ??TASK_CheckISRFlag_1: (+1)
   \   00000014   0x2005             MOVS     R0,#+5
   \   00000016   0x.... 0x....      BL       vTaskDelay
   \   0000001A   0xE7F3             B.N      ??TASK_CheckISRFlag_0
    453          
    454            }
    455          }

   \                                 In section .data, align 1
   \                     _ZN6TFrame13inSmpDataIndxE:
   \   00000000   0x00               DC8 0
   \                     _ZN6TFrame14outSmpDataIndxE:
   \   00000001   0x00               DC8 0
    456          
    457          
    458          
    459          /*----------------------------------------------------------------------------------*/
    460          /* @brief  Send data via bluetooth                          */
    461          /* @param  ECG data struct                              */
    462          /* @return  None                                  */
    463          /*----------------------------------------------------------------------------------*/
    464          volatile bool addmutex = true;
   \                     addmutex:
   \   00000002   0x01               DC8 1

   \                                 In section .text, align 2, keep-with-next
    465          void TFrame::AddSampleToMonitoringDataBuffer( EcgData_t *Data )
    466          {
   \                     _ZN6TFrame31AddSampleToMonitoringDataBufferEP9EcgData_t: (+1)
   \   00000000   0xB470             PUSH     {R4-R6}
   \   00000002   0xB08A             SUB      SP,SP,#+40
    467            addmutex = true;
   \   00000004   0x....             LDR.N    R1,??DataTable16_14
   \   00000006   0x2201             MOVS     R2,#+1
   \   00000008   0x708A             STRB     R2,[R1, #+2]
    468          
    469            int32_t sData[10];
    470            uint8_t i_max = 3;
   \   0000000A   0x2203             MOVS     R2,#+3
    471            uint8_t ch_cnt = 3;
    472            if(TAppProcessor::cable_state == ct10Leads)
   \   0000000C   0x....             LDR.N    R3,??DataTable16_11
   \   0000000E   0x681B             LDR      R3,[R3, #+0]
   \   00000010   0x2B03             CMP      R3,#+3
   \   00000012   0xD10B             BNE.N    ??AddSampleToMonitoringDataBuffer_0
    473            {
    474              i_max = 10;
   \   00000014   0x220A             MOVS     R2,#+10
    475              ch_cnt = 8;
    476              sData[8] = 0;
   \   00000016   0xAB00             ADD      R3,SP,#+0
   \   00000018   0x2400             MOVS     R4,#+0
   \   0000001A   0x621C             STR      R4,[R3, #+32]
    477              if (Data->Status.ChannelBytes[0] & 0x08) 
   \   0000001C   0x7804             LDRB     R4,[R0, #+0]
   \   0000001E   0x0724             LSLS     R4,R4,#+28
   \   00000020   0xD502             BPL.N    ??AddSampleToMonitoringDataBuffer_1
    478              {
    479                sData[8] = 5000;
   \   00000022   0xF241 0x3488      MOVW     R4,#+5000
   \   00000026   0x621C             STR      R4,[R3, #+32]
    480              }
    481              sData[9] = Data->Channel[8].ChannelData;
   \                     ??AddSampleToMonitoringDataBuffer_1: (+1)
   \   00000028   0x6A44             LDR      R4,[R0, #+36]
   \   0000002A   0x625C             STR      R4,[R3, #+36]
    482            }
    483          
    484            for(uint8_t i = 0; i < i_max; i++)
   \                     ??AddSampleToMonitoringDataBuffer_0: (+1)
   \   0000002C   0x2300             MOVS     R3,#+0
   \   0000002E   0xAD00             ADD      R5,SP,#+0
   \   00000030   0xE006             B.N      ??AddSampleToMonitoringDataBuffer_2
    485            {
    486              sData[i] = Data->Channel[i].ChannelData;
   \                     ??AddSampleToMonitoringDataBuffer_3: (+1)
   \   00000032   0xEB00 0x0483      ADD      R4,R0,R3, LSL #+2
   \   00000036   0x6864             LDR      R4,[R4, #+4]
   \   00000038   0xF845 0x4023      STR      R4,[R5, R3, LSL #+2]
    487            }
   \   0000003C   0x1C5B             ADDS     R3,R3,#+1
   \   0000003E   0xB2DB             UXTB     R3,R3
   \                     ??AddSampleToMonitoringDataBuffer_2: (+1)
   \   00000040   0x4293             CMP      R3,R2
   \   00000042   0xDBF6             BLT.N    ??AddSampleToMonitoringDataBuffer_3
    488          
    489            for( uint8_t i = 0; i < i_max; i++ )
   \   00000044   0x2000             MOVS     R0,#+0
   \   00000046   0xE01A             B.N      ??AddSampleToMonitoringDataBuffer_4
    490            {
    491              sData[i] = (sData[i] * 1015L) / 1000L;
   \                     ??AddSampleToMonitoringDataBuffer_5: (+1)
   \   00000048   0xAB00             ADD      R3,SP,#+0
   \   0000004A   0xF853 0x4020      LDR      R4,[R3, R0, LSL #+2]
   \   0000004E   0xF240 0x36F7      MOVW     R6,#+1015
   \   00000052   0x4374             MULS     R4,R6,R4
   \   00000054   0xF44F 0x767A      MOV      R6,#+1000
   \   00000058   0xFB94 0xF4F6      SDIV     R4,R4,R6
   \   0000005C   0xF843 0x4020      STR      R4,[R3, R0, LSL #+2]
    492              if( sData[i] > 32767L ) sData[i] = 32767L;
   \   00000060   0xF304 0x040F      SSAT     R4,#+16,R4
   \   00000064   0xF843 0x4020      STR      R4,[R3, R0, LSL #+2]
    493              else if( sData[i] < -32768L ) sData[i] = -32768L;
    494              int sdbIndx = inSmpDataIndx + i;
   \   00000068   0xFA50 0xF485      UXTAB    R4,R0,R5
    495              if(sdbIndx < MONITORINGSAMPLEDATABUFF_SIZE)
   \   0000006C   0x2CF0             CMP      R4,#+240
   \   0000006E   0xDA04             BGE.N    ??AddSampleToMonitoringDataBuffer_6
    496              {
    497                SampleDataBuffer[ sdbIndx ] = (int16_t)sData[ i ];
   \   00000070   0xF853 0x3020      LDR      R3,[R3, R0, LSL #+2]
   \   00000074   0x....             LDR.N    R5,??DataTable16_12
   \   00000076   0xF825 0x3014      STRH     R3,[R5, R4, LSL #+1]
    498              }
    499            }
   \                     ??AddSampleToMonitoringDataBuffer_6: (+1)
   \   0000007A   0x1C40             ADDS     R0,R0,#+1
   \   0000007C   0xB2C0             UXTB     R0,R0
   \                     ??AddSampleToMonitoringDataBuffer_4: (+1)
   \   0000007E   0x780D             LDRB     R5,[R1, #+0]
   \   00000080   0x4290             CMP      R0,R2
   \   00000082   0xDBE1             BLT.N    ??AddSampleToMonitoringDataBuffer_5
    500            inSmpDataIndx += i_max;
   \   00000084   0x1950             ADDS     R0,R2,R5
   \   00000086   0x7008             STRB     R0,[R1, #+0]
    501            if( inSmpDataIndx >= MONITORINGSAMPLEDATABUFF_SIZE ) 
   \   00000088   0xB2C0             UXTB     R0,R0
   \   0000008A   0x28F0             CMP      R0,#+240
   \   0000008C   0xDB01             BLT.N    ??AddSampleToMonitoringDataBuffer_7
    502            {
    503              inSmpDataIndx = 0;
   \   0000008E   0x2000             MOVS     R0,#+0
   \   00000090   0x7008             STRB     R0,[R1, #+0]
    504            }
    505            addmutex = false;
   \                     ??AddSampleToMonitoringDataBuffer_7: (+1)
   \   00000092   0x2000             MOVS     R0,#+0
   \   00000094   0x7088             STRB     R0,[R1, #+2]
    506          }
   \   00000096   0xB00A             ADD      SP,SP,#+40
   \   00000098   0xBC70             POP      {R4-R6}
   \   0000009A   0x4770             BX       LR               ;; return
    507          //------------------------------------------------------------------------------------
    508          

   \                                 In section .text, align 2, keep-with-next
    509          void TFrame::TASK_SendDataToHost(void *pvParameters)
    510          {
   \                     _ZN6TFrame19TASK_SendDataToHostEPv: (+1)
   \   00000000   0xB510             PUSH     {R4,LR}
   \   00000002   0x....             LDR.N    R4,??DataTable16_14
   \   00000004   0xE002             B.N      ??TASK_SendDataToHost_0
    511            while(1)
    512            {
    513              if(!LMX9838_Connected)
    514              {
    515                vTaskDelay( 5/portTICK_RATE_MS );
    516          //      vTaskSuspend(NULL);
    517                continue;
    518              }
    519          
    520              if(!addmutex)
    521              {
    522                while(outSmpDataIndx != inSmpDataIndx)
    523                  {
    524                    SendDataFrameToHost(outSmpDataIndx);
    525                    if (TAppProcessor::cable_state == ct10Leads) outSmpDataIndx += 10;  //!!!  8  !!!
    526                    else outSmpDataIndx += 3;
    527                    if(outSmpDataIndx >= MONITORINGSAMPLEDATABUFF_SIZE) outSmpDataIndx = 0;
    528                  }
    529              }
    530              vTaskDelay( 5/portTICK_RATE_MS );    /* 10 ms period */
   \                     ??TASK_SendDataToHost_1: (+1)
   \   00000006   0x2005             MOVS     R0,#+5
   \   00000008   0x.... 0x....      BL       vTaskDelay
   \                     ??TASK_SendDataToHost_0: (+1)
   \   0000000C   0x....             LDR.N    R0,??DataTable16_5
   \   0000000E   0x7800             LDRB     R0,[R0, #+0]
   \   00000010   0x2800             CMP      R0,#+0
   \   00000012   0xD0F8             BEQ.N    ??TASK_SendDataToHost_1
   \   00000014   0x78A0             LDRB     R0,[R4, #+2]
   \   00000016   0x2800             CMP      R0,#+0
   \   00000018   0xD1F5             BNE.N    ??TASK_SendDataToHost_1
   \   0000001A   0xE006             B.N      ??TASK_SendDataToHost_2
   \                     ??TASK_SendDataToHost_3: (+1)
   \   0000001C   0x1CC0             ADDS     R0,R0,#+3
   \   0000001E   0x7060             STRB     R0,[R4, #+1]
   \                     ??TASK_SendDataToHost_4: (+1)
   \   00000020   0x7860             LDRB     R0,[R4, #+1]
   \   00000022   0x28F0             CMP      R0,#+240
   \   00000024   0xDB01             BLT.N    ??TASK_SendDataToHost_2
   \   00000026   0x2000             MOVS     R0,#+0
   \   00000028   0x7060             STRB     R0,[R4, #+1]
   \                     ??TASK_SendDataToHost_2: (+1)
   \   0000002A   0x7860             LDRB     R0,[R4, #+1]
   \   0000002C   0x7821             LDRB     R1,[R4, #+0]
   \   0000002E   0x4288             CMP      R0,R1
   \   00000030   0xD0E9             BEQ.N    ??TASK_SendDataToHost_1
   \   00000032   0x.... 0x....      BL       _ZN6TFrame19SendDataFrameToHostEh
   \   00000036   0x7860             LDRB     R0,[R4, #+1]
   \   00000038   0x....             LDR.N    R1,??DataTable16_11
   \   0000003A   0x6809             LDR      R1,[R1, #+0]
   \   0000003C   0x2903             CMP      R1,#+3
   \   0000003E   0xD1ED             BNE.N    ??TASK_SendDataToHost_3
   \   00000040   0x300A             ADDS     R0,R0,#+10
   \   00000042   0x7060             STRB     R0,[R4, #+1]
   \   00000044   0xE7EC             B.N      ??TASK_SendDataToHost_4
    531            }
    532          }
    533          //------------------------------------------------------------------------------------
    534          

   \                                 In section .text, align 2, keep-with-next
    535          void TFrame::ClearMonitoringDataBuffer()
    536          {
    537            inSmpDataIndx = 0;
   \                     _ZN6TFrame25ClearMonitoringDataBufferEv: (+1)
   \   00000000   0x....             LDR.N    R0,??DataTable16_14
   \   00000002   0x2100             MOVS     R1,#+0
   \   00000004   0x7001             STRB     R1,[R0, #+0]
    538            outSmpDataIndx = 0;
   \   00000006   0x7041             STRB     R1,[R0, #+1]
    539            inNIBPSmpDataIndx = 0;
   \   00000008   0x4608             MOV      R0,R1
   \   0000000A   0x....             LDR.N    R1,??DataTable16_15
   \   0000000C   0x7008             STRB     R0,[R1, #+0]
    540            outNIBPSmpDataIndx = 0;
   \   0000000E   0x....             LDR.N    R1,??DataTable16_16
   \   00000010   0x7008             STRB     R0,[R1, #+0]
    541          }
   \   00000012   0x4770             BX       LR               ;; return

   \                                 In section .text, align 4, keep-with-next
   \                     ??DataTable16:
   \   00000000   0x........         DC32     _ZN6TFrame16UartBuffNotEmptyE

   \                                 In section .text, align 4, keep-with-next
   \                     ??DataTable16_1:
   \   00000000   0x40011000         DC32     0x40011000

   \                                 In section .text, align 4, keep-with-next
   \                     ??DataTable16_2:
   \   00000000   0x........         DC32     _ZN6TFrame10UartBufferE

   \                                 In section .text, align 4, keep-with-next
   \                     ??DataTable16_3:
   \   00000000   0x........         DC32     _ZN6TFrame7xBufferE

   \                                 In section .text, align 4, keep-with-next
   \                     ??DataTable16_4:
   \   00000000   0x........         DC32     _ZN8TLMX983813LMX9838_ReadyE

   \                                 In section .text, align 4, keep-with-next
   \                     ??DataTable16_5:
   \   00000000   0x........         DC32     _ZN8TLMX983817LMX9838_ConnectedE

   \                                 In section .text, align 4, keep-with-next
   \                     ??DataTable16_6:
   \   00000000   0x40020400         DC32     0x40020400

   \                                 In section .text, align 4, keep-with-next
   \                     ??DataTable16_7:
   \   00000000   0x........         DC32     _ZN13TAppProcessor14ufSerialNumberE

   \                                 In section .text, align 4, keep-with-next
   \                     ??DataTable16_8:
   \   00000000   0x........         DC32     _ZN6TFrame12LSTAT_StoredE

   \                                 In section .text, align 4, keep-with-next
   \                     ??DataTable16_9:
   \   00000000   0x........         DC32     _ZN13TAppProcessor16RecordInProgressE

   \                                 In section .text, align 4, keep-with-next
   \                     ??DataTable16_10:
   \   00000000   0x........         DC32     _ZN8TLMX98385BT_OnE

   \                                 In section .text, align 4, keep-with-next
   \                     ??DataTable16_11:
   \   00000000   0x........         DC32     _ZN13TAppProcessor11cable_stateE

   \                                 In section .text, align 4, keep-with-next
   \                     ??DataTable16_12:
   \   00000000   0x........         DC32     _ZN6TFrame16SampleDataBufferE

   \                                 In section .text, align 4, keep-with-next
   \                     ??DataTable16_13:
   \   00000000   0x........         DC32     _ZN6TFrame13ResumeFromISRE

   \                                 In section .text, align 4, keep-with-next
   \                     ??DataTable16_14:
   \   00000000   0x........         DC32     _ZN6TFrame13inSmpDataIndxE

   \                                 In section .text, align 4, keep-with-next
   \                     ??DataTable16_15:
   \   00000000   0x........         DC32     _ZN6TFrame17inNIBPSmpDataIndxE

   \                                 In section .text, align 4, keep-with-next
   \                     ??DataTable16_16:
   \   00000000   0x........         DC32     _ZN6TFrame18outNIBPSmpDataIndxE

   \                                 In section .text, align 4, keep-with-next
   \                     ?_0:
   \   00000000   0x54 0x43          DC8 "TCMD SUSP"
   \              0x4D 0x44    
   \              0x20 0x53    
   \              0x55 0x53    
   \              0x50 0x00    
   \   0000000A   0x00 0x00          DC8 0, 0

   \                                 In section .text, align 4, keep-with-next
   \                     ?_1:
   \   00000000   0x4C 0x69          DC8 "Link Established"
   \              0x6E 0x6B    
   \              0x20 0x45    
   \              0x73 0x74    
   \              0x61 0x62    
   \              0x6C 0x69    
   \              0x73 0x68    
   \              0x65 0x64    
   \              0x00         
   \   00000011   0x00 0x00          DC8 0, 0, 0
   \              0x00         
    542          //------------------------------------------------------------------------------------

   Maximum stack usage in bytes:

   .cstack Function
   ------- --------
      52   TFrame::AddSampleToMonitoringDataBuffer(EcgData_t *)
       0   TFrame::ClearMonitoringDataBuffer()
       0   TFrame::ClearxBuffer()
      16   TFrame::CommandRequest()
      16   TFrame::ISR_USART_Rcv()
        16   -> USART_ReceiveData
       0   TFrame::ParseLMXCommand(uint8_t *)
       0   TFrame::ParseSysCommand(uint8_t *)
      16   TFrame::SendDataFrameToHost(uint8_t)
        16   -> TLMX9838::SendByte(uint8_t, bool)
      16   TFrame::SendFrameToHost(uint8_t)
        16   -> TLMX9838::SendByte(uint8_t)
      24   TFrame::SendFrameToHost(uint8_t, uint8_t, uint8_t const *)
        24   -> TLMX9838::SendByte(uint8_t)
      24   TFrame::SendFrameToHost(uint8_t, uint8_t, uint8_t)
        24   -> TLMX9838::SendByte(uint8_t)
       8   TFrame::SetState()
         8   -> GPIO_ReadInputDataBit
         8   -> TFrame::SendFrameToHost(uint8_t, uint8_t, uint8_t const *)
         8   -> TGuiObjects::ToolbarSet(int, bool)
         8   -> TLMX9838::LMX9838_GetOnOffState()
         8   -> vTaskDelay
       8   TFrame::TASK_CheckISRFlag(void *)
         8   -> vTaskDelay
         8   -> vTaskResume
      16   TFrame::TASK_CmdProcessor(void *)
        16   -> GPIO_ReadInputDataBit
        16   -> TAppProcessor::App_ParceEvents(uint8_t, uint8_t, uint8_t *)
        16   -> TFrame::CommandRequest()
        16   -> TFrame::ParseLMXCommand(uint8_t *)
        16   -> TFrame::ParseSysCommand(uint8_t *)
        16   -> TFrame::SetState()
        16   -> TLMX9838::LMX9838_ParceEvents(uint8_t, uint8_t, uint8_t *)
        16   -> TLMX9838::TurnOffBluetooth()
        16   -> TLcdTrace::AddLine(char const *)
        16   -> vTaskDelay
        16   -> vTaskSuspend
       8   TFrame::TASK_SendDataToHost(void *)
         8   -> TFrame::SendDataFrameToHost(uint8_t)
         8   -> vTaskDelay
       0   TLMX9838::LMX9838_GetOnOffState()


   Section sizes:

   Bytes  Function/Label
   -----  --------------
       4  ??DataTable16
       4  ??DataTable16_1
       4  ??DataTable16_10
       4  ??DataTable16_11
       4  ??DataTable16_12
       4  ??DataTable16_13
       4  ??DataTable16_14
       4  ??DataTable16_15
       4  ??DataTable16_16
       4  ??DataTable16_2
       4  ??DataTable16_3
       4  ??DataTable16_4
       4  ??DataTable16_5
       4  ??DataTable16_6
       4  ??DataTable16_7
       4  ??DataTable16_8
       4  ??DataTable16_9
      12  ?_0
      20  ?_1
     156  TFrame::AddSampleToMonitoringDataBuffer(EcgData_t *)
      20  TFrame::ClearMonitoringDataBuffer()
      18  TFrame::ClearxBuffer()
     288  TFrame::CommandRequest()
      44  TFrame::ISR_USART_Rcv()
      12  TFrame::LSTAT_Stored
          TFrame::TurnOffAfterLinkDisconnected
          TFrame::StartUpBluetooth
          TFrame::gData
          HFH_Event
      18  TFrame::ParseLMXCommand(uint8_t *)
      18  TFrame::ParseSysCommand(uint8_t *)
       8  TFrame::ResumeFromISR
          TFrame::xhCmdProcessor
     480  TFrame::SampleDataBuffer
     214  TFrame::SendDataFrameToHost(uint8_t)
      56  TFrame::SendFrameToHost(uint8_t)
     106  TFrame::SendFrameToHost(uint8_t, uint8_t, uint8_t const *)
      76  TFrame::SendFrameToHost(uint8_t, uint8_t, uint8_t)
     120  TFrame::SetState()
       1  TFrame::StartMonitioring
      28  TFrame::TASK_CheckISRFlag(void *)
     176  TFrame::TASK_CmdProcessor(void *)
      70  TFrame::TASK_SendDataToHost(void *)
      16  TFrame::UartBuffNotEmpty
          TFrame::gDataLenght
          UartBufferIndxRd
          FrameBufferIndx
          FrameReadsCnt
          FrameDataCnt
          IsLMXFrameBegin
          IsCPMFrameBegin
          TryingAttemptsToFrameRead
          TFrame::UartBufferIndx
     256  TFrame::UartBuffer
       3  TFrame::inSmpDataIndx
          TFrame::outSmpDataIndx
          addmutex
     256  TFrame::xBuffer
       4  TFrame::xhBPDataSend
       4  TFrame::xhECGDataSend
      12  TLMX9838::LMX9838_GetOnOffState()

 
 1 021 bytes in section .bss
    19 bytes in section .data
 1 520 bytes in section .text
 
 1 508 bytes of CODE memory (+ 12 bytes shared)
 1 040 bytes of DATA memory

Errors: none
Warnings: 1
